%MSG-w StorageFactory::stagein():  PoolSource:source@sourceConstruction  19-Nov-2013 10:53:35 CET pre-events
Failed to stage in file 'dcap://grid-dcap.physik.rwth-aachen.de/pnfs/physik.rwth-aachen.de/cms/store/mc/Summer12_DR53X/ZZTo4mu_8TeV_mll8_mZZ95-160-powheg15-pythia6/AODSIM/PU_S10_START53_V19-v1/10000/0017F55A-EDF8-E211-B97E-003048C692DE.root' because:
An exception of category 'FileStageInError' occurred while
   [0] Calling DCacheStorageMaker::stagein()
Exception Message:
Cannot stage in file 'dcap://grid-dcap.physik.rwth-aachen.de/pnfs/physik.rwth-aachen.de/cms/store/mc/Summer12_DR53X/ZZTo4mu_8TeV_mll8_mZZ95-160-powheg15-pythia6/AODSIM/PU_S10_START53_V19-v1/10000/0017F55A-EDF8-E211-B97E-003048C692DE.root', error was: "CacheException(rc=10001;msg=No such file or directory /pnfs/physik.rwth-aachen.de/cms/store/mc/Summer12_DR53X/ZZTo4mu_8TeV_mll8_mZZ95-160-powheg15-pythia6/AODSIM/PU_S10_START53_V19-v1/10000/0017F55A-EDF8-E211-B97E-003048C692DE.root)" (dc_errno=30)

%MSG
19-Nov-2013 10:53:35 CET  Initiating request to open file dcap://grid-dcap.physik.rwth-aachen.de/pnfs/physik.rwth-aachen.de/cms/store/mc/Summer12_DR53X/ZZTo4mu_8TeV_mll8_mZZ95-160-powheg15-pythia6/AODSIM/PU_S10_START53_V19-v1/10000/0017F55A-EDF8-E211-B97E-003048C692DE.root
19-Nov-2013 10:53:35 CET  Fallback request to file root://xrootd.ba.infn.it//store/mc/Summer12_DR53X/ZZTo4mu_8TeV_mll8_mZZ95-160-powheg15-pythia6/AODSIM/PU_S10_START53_V19-v1/10000/0017F55A-EDF8-E211-B97E-003048C692DE.root
%MSG-i XrdFileInfo:  file_open 19-Nov-2013 10:53:38 CET pre-events
Opened root://xrootd.ba.infn.it//store/mc/Summer12_DR53X/ZZTo4mu_8TeV_mll8_mZZ95-160-powheg15-pythia6/AODSIM/PU_S10_START53_V19-v1/10000/0017F55A-EDF8-E211-B97E-003048C692DE.root
%MSG
%MSG-i XrdFileInfo:  file_open 19-Nov-2013 10:53:38 CET pre-events
Connection URL root://polgrfs14.in2p3.fr:1095//store/mc/Summer12_DR53X/ZZTo4mu_8TeV_mll8_mZZ95-160-powheg15-pythia6/AODSIM/PU_S10_START53_V19-v1/10000/0017F55A-EDF8-E211-B97E-003048C692DE.root
%MSG
19-Nov-2013 10:53:44 CET  Successfully opened file root://xrootd.ba.infn.it//store/mc/Summer12_DR53X/ZZTo4mu_8TeV_mll8_mZZ95-160-powheg15-pythia6/AODSIM/PU_S10_START53_V19-v1/10000/0017F55A-EDF8-E211-B97E-003048C692DE.root
%MSG-i Root_Information:  AfterFile TClass::TClass() 19-Nov-2013 10:53:46 CET  pre-events
no dictionary for class pair<edm::IndexIntoFile::IndexRunKey,Long64_t> is available
%MSG
%MSG-i Root_Information:  AfterFile TClass::TClass() 19-Nov-2013 10:53:46 CET  pre-events
no dictionary for class pair<edm::IndexIntoFile::IndexRunLumiKey,Long64_t> is available
%MSG
%MSG-i Root_Information:  AfterFile TClass::TClass() 19-Nov-2013 10:53:46 CET  pre-events
no dictionary for class pair<edm::BranchKey,edm::ConstBranchDescription> is available
%MSG
%MSG-i Root_Information:  AfterFile TClass::TClass() 19-Nov-2013 10:53:46 CET  pre-events
no dictionary for class pair<edm::BranchID,unsigned int> is available
%MSG
%MSG-i EventSetupDependency:  AfterSource 19-Nov-2013 10:53:49 CET BeforeEvents
The EventSetup record MuonRecoGeometryRecord depends on at least one Record 
 (MuonGeometryRecord) which is not present in the job.
 This may lead to an exception begin thrown during event processing.
 If no exception occurs during the job than it is usually safe to ignore this message.
%MSG
%MSG-i EventSetupDependency:  AfterSource 19-Nov-2013 10:53:49 CET BeforeEvents
The EventSetup record TrackingComponentsRecord depends on at least one Record 
 (IdealMagneticFieldRecord, GlobalTrackingGeometryRecord) which is not present in the job.
 This may lead to an exception begin thrown during event processing.
 If no exception occurs during the job than it is usually safe to ignore this message.
%MSG
Begin processing the 1st record. Run 1, Event 11702, LumiSection 40 at 19-Nov-2013 10:53:52.859 CET
%MSG-i Root_Information:  MCMatcher:muonMatch TClass::TClass()  19-Nov-2013 10:53:52 CET Run: 1 Event: 11702
no dictionary for class pair<reco::Muon::MuonTrackType,edm::Ref<vector<reco::Track>,reco::Track,edm::refhelper::FindUsingAdvance<vector<reco::Track>,reco::Track> > > is available
%MSG
Begin processing the 2nd record. Run 1, Event 11703, LumiSection 40 at 19-Nov-2013 10:53:52.953 CET
Begin processing the 3rd record. Run 1, Event 11715, LumiSection 40 at 19-Nov-2013 10:53:52.957 CET
Begin processing the 4th record. Run 1, Event 11718, LumiSection 40 at 19-Nov-2013 10:53:52.960 CET
Begin processing the 5th record. Run 1, Event 11720, LumiSection 40 at 19-Nov-2013 10:53:52.961 CET
Begin processing the 6th record. Run 1, Event 11727, LumiSection 40 at 19-Nov-2013 10:53:52.966 CET
Begin processing the 7th record. Run 1, Event 11734, LumiSection 40 at 19-Nov-2013 10:53:52.969 CET
Begin processing the 8th record. Run 1, Event 11736, LumiSection 40 at 19-Nov-2013 10:53:55.551 CET
Begin processing the 9th record. Run 1, Event 11745, LumiSection 40 at 19-Nov-2013 10:53:55.558 CET
Begin processing the 10th record. Run 1, Event 11746, LumiSection 40 at 19-Nov-2013 10:53:55.563 CET
Begin processing the 11th record. Run 1, Event 11748, LumiSection 40 at 19-Nov-2013 10:53:55.565 CET
Begin processing the 12th record. Run 1, Event 11751, LumiSection 40 at 19-Nov-2013 10:53:55.568 CET
Begin processing the 13th record. Run 1, Event 11753, LumiSection 40 at 19-Nov-2013 10:53:55.572 CET
Begin processing the 14th record. Run 1, Event 11756, LumiSection 40 at 19-Nov-2013 10:53:56.410 CET
Begin processing the 15th record. Run 1, Event 11761, LumiSection 40 at 19-Nov-2013 10:53:56.412 CET
Begin processing the 16th record. Run 1, Event 11765, LumiSection 40 at 19-Nov-2013 10:53:56.417 CET
Begin processing the 17th record. Run 1, Event 11767, LumiSection 40 at 19-Nov-2013 10:53:56.419 CET
%MSG-i Ghost_found_barrel:  MuonMatch:demo 19-Nov-2013 10:53:56 CET  Run: 1 Event: 11767
Found 1 Ghosts in barrel region with energy > 0 GeV in LumiBlock: 40 Event No: 11767
%MSG
%MSG-i Ghost_found_barrel:  MuonMatch:demo 19-Nov-2013 10:53:56 CET  Run: 1 Event: 11767
Found 1 Ghosts in barrel region with energy > 5 GeV in LumiBlock: 40 Event No: 11767
%MSG
%MSG-i Ghost_found_barrel:  MuonMatch:demo 19-Nov-2013 10:53:56 CET  Run: 1 Event: 11767
Found 1 Ghosts in barrel region with energy > 10 GeV in LumiBlock: 40 Event No: 11767
%MSG
Begin processing the 18th record. Run 1, Event 11786, LumiSection 40 at 19-Nov-2013 10:53:56.425 CET
Begin processing the 19th record. Run 1, Event 11791, LumiSection 40 at 19-Nov-2013 10:53:56.427 CET
Begin processing the 20th record. Run 1, Event 11793, LumiSection 40 at 19-Nov-2013 10:53:56.430 CET
Begin processing the 21st record. Run 1, Event 11802, LumiSection 40 at 19-Nov-2013 10:53:56.436 CET
Begin processing the 22nd record. Run 1, Event 11805, LumiSection 40 at 19-Nov-2013 10:53:56.441 CET
Begin processing the 23rd record. Run 1, Event 11806, LumiSection 40 at 19-Nov-2013 10:53:59.718 CET
Begin processing the 24th record. Run 1, Event 11811, LumiSection 40 at 19-Nov-2013 10:53:59.721 CET
Begin processing the 25th record. Run 1, Event 11817, LumiSection 40 at 19-Nov-2013 10:53:59.724 CET
Begin processing the 26th record. Run 1, Event 11821, LumiSection 40 at 19-Nov-2013 10:53:59.727 CET
Begin processing the 27th record. Run 1, Event 11825, LumiSection 40 at 19-Nov-2013 10:53:59.732 CET
Begin processing the 28th record. Run 1, Event 11826, LumiSection 40 at 19-Nov-2013 10:53:59.735 CET
Begin processing the 29th record. Run 1, Event 11831, LumiSection 40 at 19-Nov-2013 10:53:59.738 CET
Begin processing the 30th record. Run 1, Event 11832, LumiSection 40 at 19-Nov-2013 10:53:59.744 CET
Begin processing the 31st record. Run 1, Event 11835, LumiSection 40 at 19-Nov-2013 10:53:59.748 CET
Begin processing the 32nd record. Run 1, Event 11837, LumiSection 40 at 19-Nov-2013 10:53:59.750 CET
Begin processing the 33rd record. Run 1, Event 11838, LumiSection 40 at 19-Nov-2013 10:53:59.751 CET
Begin processing the 34th record. Run 1, Event 11846, LumiSection 40 at 19-Nov-2013 10:53:59.752 CET
Begin processing the 35th record. Run 1, Event 11851, LumiSection 40 at 19-Nov-2013 10:53:59.753 CET
Begin processing the 36th record. Run 1, Event 11856, LumiSection 40 at 19-Nov-2013 10:53:59.755 CET
Begin processing the 37th record. Run 1, Event 11858, LumiSection 40 at 19-Nov-2013 10:53:59.757 CET
Begin processing the 38th record. Run 1, Event 11859, LumiSection 40 at 19-Nov-2013 10:53:59.758 CET
Begin processing the 39th record. Run 1, Event 11864, LumiSection 40 at 19-Nov-2013 10:53:59.760 CET
Begin processing the 40th record. Run 1, Event 11872, LumiSection 40 at 19-Nov-2013 10:53:59.761 CET
Begin processing the 41st record. Run 1, Event 11873, LumiSection 40 at 19-Nov-2013 10:53:59.762 CET
Begin processing the 42nd record. Run 1, Event 11874, LumiSection 40 at 19-Nov-2013 10:53:59.763 CET
Begin processing the 43rd record. Run 1, Event 11881, LumiSection 40 at 19-Nov-2013 10:53:59.764 CET
Begin processing the 44th record. Run 1, Event 11888, LumiSection 40 at 19-Nov-2013 10:53:59.767 CET
Begin processing the 45th record. Run 1, Event 11897, LumiSection 40 at 19-Nov-2013 10:53:59.769 CET
Begin processing the 46th record. Run 1, Event 11900, LumiSection 40 at 19-Nov-2013 10:53:59.770 CET
Begin processing the 47th record. Run 1, Event 11902, LumiSection 40 at 19-Nov-2013 10:53:59.771 CET
Begin processing the 48th record. Run 1, Event 11903, LumiSection 40 at 19-Nov-2013 10:53:59.773 CET
Begin processing the 49th record. Run 1, Event 11909, LumiSection 40 at 19-Nov-2013 10:53:59.774 CET
Begin processing the 50th record. Run 1, Event 11913, LumiSection 40 at 19-Nov-2013 10:53:59.775 CET
Begin processing the 51st record. Run 1, Event 11915, LumiSection 40 at 19-Nov-2013 10:53:59.778 CET
Begin processing the 52nd record. Run 1, Event 11916, LumiSection 40 at 19-Nov-2013 10:53:59.779 CET
Begin processing the 53rd record. Run 1, Event 11918, LumiSection 40 at 19-Nov-2013 10:53:59.780 CET
Begin processing the 54th record. Run 1, Event 11923, LumiSection 40 at 19-Nov-2013 10:53:59.781 CET
Begin processing the 55th record. Run 1, Event 11924, LumiSection 40 at 19-Nov-2013 10:53:59.783 CET
Begin processing the 56th record. Run 1, Event 11925, LumiSection 40 at 19-Nov-2013 10:53:59.785 CET
Begin processing the 57th record. Run 1, Event 11926, LumiSection 40 at 19-Nov-2013 10:53:59.786 CET
Begin processing the 58th record. Run 1, Event 11928, LumiSection 40 at 19-Nov-2013 10:53:59.788 CET
Begin processing the 59th record. Run 1, Event 11933, LumiSection 40 at 19-Nov-2013 10:53:59.789 CET
Begin processing the 60th record. Run 1, Event 11935, LumiSection 40 at 19-Nov-2013 10:53:59.791 CET
Begin processing the 61st record. Run 1, Event 11938, LumiSection 40 at 19-Nov-2013 10:53:59.792 CET
Begin processing the 62nd record. Run 1, Event 11942, LumiSection 40 at 19-Nov-2013 10:53:59.793 CET
Begin processing the 63rd record. Run 1, Event 11946, LumiSection 40 at 19-Nov-2013 10:53:59.795 CET
Begin processing the 64th record. Run 1, Event 11948, LumiSection 40 at 19-Nov-2013 10:53:59.796 CET
Begin processing the 65th record. Run 1, Event 11964, LumiSection 40 at 19-Nov-2013 10:53:59.798 CET
Begin processing the 66th record. Run 1, Event 11965, LumiSection 40 at 19-Nov-2013 10:53:59.800 CET
Begin processing the 67th record. Run 1, Event 11975, LumiSection 40 at 19-Nov-2013 10:53:59.801 CET
Begin processing the 68th record. Run 1, Event 11989, LumiSection 40 at 19-Nov-2013 10:53:59.803 CET
Begin processing the 69th record. Run 1, Event 11993, LumiSection 40 at 19-Nov-2013 10:53:59.804 CET
Begin processing the 70th record. Run 1, Event 12000, LumiSection 40 at 19-Nov-2013 10:53:59.806 CET
Begin processing the 71st record. Run 1, Event 486005, LumiSection 1621 at 19-Nov-2013 10:53:59.808 CET
Begin processing the 72nd record. Run 1, Event 486009, LumiSection 1621 at 19-Nov-2013 10:53:59.810 CET
Begin processing the 73rd record. Run 1, Event 486010, LumiSection 1621 at 19-Nov-2013 10:53:59.811 CET
Begin processing the 74th record. Run 1, Event 486011, LumiSection 1621 at 19-Nov-2013 10:53:59.812 CET
Begin processing the 75th record. Run 1, Event 486015, LumiSection 1621 at 19-Nov-2013 10:53:59.813 CET
Begin processing the 76th record. Run 1, Event 486016, LumiSection 1621 at 19-Nov-2013 10:53:59.815 CET
Begin processing the 77th record. Run 1, Event 486022, LumiSection 1621 at 19-Nov-2013 10:53:59.815 CET
Begin processing the 78th record. Run 1, Event 486026, LumiSection 1621 at 19-Nov-2013 10:53:59.816 CET
Begin processing the 79th record. Run 1, Event 486028, LumiSection 1621 at 19-Nov-2013 10:53:59.818 CET
Begin processing the 80th record. Run 1, Event 486029, LumiSection 1621 at 19-Nov-2013 10:53:59.819 CET
Begin processing the 81st record. Run 1, Event 486031, LumiSection 1621 at 19-Nov-2013 10:53:59.821 CET
Begin processing the 82nd record. Run 1, Event 486036, LumiSection 1621 at 19-Nov-2013 10:53:59.821 CET
Begin processing the 83rd record. Run 1, Event 486038, LumiSection 1621 at 19-Nov-2013 10:53:59.822 CET
Begin processing the 84th record. Run 1, Event 486040, LumiSection 1621 at 19-Nov-2013 10:53:59.824 CET
Begin processing the 85th record. Run 1, Event 486042, LumiSection 1621 at 19-Nov-2013 10:53:59.825 CET
Begin processing the 86th record. Run 1, Event 486049, LumiSection 1621 at 19-Nov-2013 10:53:59.827 CET
Begin processing the 87th record. Run 1, Event 486050, LumiSection 1621 at 19-Nov-2013 10:53:59.829 CET
Begin processing the 88th record. Run 1, Event 486054, LumiSection 1621 at 19-Nov-2013 10:53:59.830 CET
Begin processing the 89th record. Run 1, Event 486056, LumiSection 1621 at 19-Nov-2013 10:53:59.832 CET
Begin processing the 90th record. Run 1, Event 486059, LumiSection 1621 at 19-Nov-2013 10:53:59.834 CET
Begin processing the 91st record. Run 1, Event 486063, LumiSection 1621 at 19-Nov-2013 10:53:59.834 CET
Begin processing the 92nd record. Run 1, Event 486068, LumiSection 1621 at 19-Nov-2013 10:53:59.835 CET
Begin processing the 93rd record. Run 1, Event 486071, LumiSection 1621 at 19-Nov-2013 10:53:59.837 CET
Begin processing the 94th record. Run 1, Event 486079, LumiSection 1621 at 19-Nov-2013 10:53:59.838 CET
Begin processing the 95th record. Run 1, Event 486086, LumiSection 1621 at 19-Nov-2013 10:53:59.838 CET
Begin processing the 96th record. Run 1, Event 486088, LumiSection 1621 at 19-Nov-2013 10:53:59.839 CET
Begin processing the 97th record. Run 1, Event 486091, LumiSection 1621 at 19-Nov-2013 10:53:59.841 CET
Begin processing the 98th record. Run 1, Event 486092, LumiSection 1621 at 19-Nov-2013 10:53:59.842 CET
Begin processing the 99th record. Run 1, Event 486101, LumiSection 1621 at 19-Nov-2013 10:53:59.843 CET
Begin processing the 100th record. Run 1, Event 486105, LumiSection 1621 at 19-Nov-2013 10:53:59.846 CET
Begin processing the 101st record. Run 1, Event 486121, LumiSection 1621 at 19-Nov-2013 10:53:59.847 CET
Begin processing the 102nd record. Run 1, Event 486122, LumiSection 1621 at 19-Nov-2013 10:53:59.848 CET
Begin processing the 103rd record. Run 1, Event 486129, LumiSection 1621 at 19-Nov-2013 10:53:59.849 CET
Begin processing the 104th record. Run 1, Event 486130, LumiSection 1621 at 19-Nov-2013 10:53:59.850 CET
Begin processing the 105th record. Run 1, Event 486131, LumiSection 1621 at 19-Nov-2013 10:53:59.852 CET
Begin processing the 106th record. Run 1, Event 486146, LumiSection 1621 at 19-Nov-2013 10:53:59.853 CET
Begin processing the 107th record. Run 1, Event 486156, LumiSection 1621 at 19-Nov-2013 10:53:59.856 CET
Begin processing the 108th record. Run 1, Event 486157, LumiSection 1621 at 19-Nov-2013 10:53:59.857 CET
Begin processing the 109th record. Run 1, Event 486159, LumiSection 1621 at 19-Nov-2013 10:53:59.859 CET
Begin processing the 110th record. Run 1, Event 486160, LumiSection 1621 at 19-Nov-2013 10:53:59.860 CET
Begin processing the 111th record. Run 1, Event 486164, LumiSection 1621 at 19-Nov-2013 10:53:59.861 CET
Begin processing the 112th record. Run 1, Event 486170, LumiSection 1621 at 19-Nov-2013 10:53:59.863 CET
Begin processing the 113th record. Run 1, Event 486175, LumiSection 1621 at 19-Nov-2013 10:53:59.864 CET
Begin processing the 114th record. Run 1, Event 486185, LumiSection 1621 at 19-Nov-2013 10:53:59.866 CET
Begin processing the 115th record. Run 1, Event 486189, LumiSection 1621 at 19-Nov-2013 10:53:59.867 CET
Begin processing the 116th record. Run 1, Event 486193, LumiSection 1621 at 19-Nov-2013 10:53:59.868 CET
Begin processing the 117th record. Run 1, Event 486195, LumiSection 1621 at 19-Nov-2013 10:53:59.869 CET
Begin processing the 118th record. Run 1, Event 486196, LumiSection 1621 at 19-Nov-2013 10:53:59.870 CET
Begin processing the 119th record. Run 1, Event 486197, LumiSection 1621 at 19-Nov-2013 10:53:59.872 CET
Begin processing the 120th record. Run 1, Event 486204, LumiSection 1621 at 19-Nov-2013 10:53:59.874 CET
Begin processing the 121st record. Run 1, Event 486206, LumiSection 1621 at 19-Nov-2013 10:53:59.876 CET
Begin processing the 122nd record. Run 1, Event 486209, LumiSection 1621 at 19-Nov-2013 10:53:59.877 CET
Begin processing the 123rd record. Run 1, Event 486216, LumiSection 1621 at 19-Nov-2013 10:53:59.878 CET
Begin processing the 124th record. Run 1, Event 486217, LumiSection 1621 at 19-Nov-2013 10:53:59.879 CET
Begin processing the 125th record. Run 1, Event 486218, LumiSection 1621 at 19-Nov-2013 10:53:59.881 CET
Begin processing the 126th record. Run 1, Event 486225, LumiSection 1621 at 19-Nov-2013 10:53:59.882 CET
Begin processing the 127th record. Run 1, Event 486232, LumiSection 1621 at 19-Nov-2013 10:53:59.884 CET
Begin processing the 128th record. Run 1, Event 486242, LumiSection 1621 at 19-Nov-2013 10:53:59.885 CET
Begin processing the 129th record. Run 1, Event 486247, LumiSection 1621 at 19-Nov-2013 10:53:59.887 CET
Begin processing the 130th record. Run 1, Event 486257, LumiSection 1621 at 19-Nov-2013 10:53:59.887 CET
Begin processing the 131st record. Run 1, Event 486259, LumiSection 1621 at 19-Nov-2013 10:53:59.888 CET
Begin processing the 132nd record. Run 1, Event 486260, LumiSection 1621 at 19-Nov-2013 10:53:59.889 CET
Begin processing the 133rd record. Run 1, Event 486261, LumiSection 1621 at 19-Nov-2013 10:53:59.890 CET
Begin processing the 134th record. Run 1, Event 486262, LumiSection 1621 at 19-Nov-2013 10:53:59.892 CET
Begin processing the 135th record. Run 1, Event 486263, LumiSection 1621 at 19-Nov-2013 10:53:59.894 CET
Begin processing the 136th record. Run 1, Event 486266, LumiSection 1621 at 19-Nov-2013 10:53:59.894 CET
Begin processing the 137th record. Run 1, Event 486269, LumiSection 1621 at 19-Nov-2013 10:53:59.895 CET
Begin processing the 138th record. Run 1, Event 486272, LumiSection 1621 at 19-Nov-2013 10:53:59.896 CET
Begin processing the 139th record. Run 1, Event 486275, LumiSection 1621 at 19-Nov-2013 10:53:59.898 CET
Begin processing the 140th record. Run 1, Event 486276, LumiSection 1621 at 19-Nov-2013 10:53:59.899 CET
Begin processing the 141st record. Run 1, Event 486280, LumiSection 1621 at 19-Nov-2013 10:53:59.900 CET
Begin processing the 142nd record. Run 1, Event 486288, LumiSection 1621 at 19-Nov-2013 10:53:59.902 CET
Begin processing the 143rd record. Run 1, Event 486291, LumiSection 1621 at 19-Nov-2013 10:53:59.903 CET
Begin processing the 144th record. Run 1, Event 486293, LumiSection 1621 at 19-Nov-2013 10:53:59.904 CET
Begin processing the 145th record. Run 1, Event 2712, LumiSection 1677 at 19-Nov-2013 10:53:59.906 CET
Begin processing the 146th record. Run 1, Event 2713, LumiSection 1677 at 19-Nov-2013 10:53:59.907 CET
Begin processing the 147th record. Run 1, Event 2717, LumiSection 1677 at 19-Nov-2013 10:53:59.908 CET
Begin processing the 148th record. Run 1, Event 2718, LumiSection 1677 at 19-Nov-2013 10:53:59.910 CET
Begin processing the 149th record. Run 1, Event 2719, LumiSection 1677 at 19-Nov-2013 10:53:59.913 CET
Begin processing the 150th record. Run 1, Event 2720, LumiSection 1677 at 19-Nov-2013 10:53:59.914 CET
Begin processing the 151st record. Run 1, Event 2729, LumiSection 1677 at 19-Nov-2013 10:53:59.915 CET
Begin processing the 152nd record. Run 1, Event 2731, LumiSection 1677 at 19-Nov-2013 10:53:59.917 CET
Begin processing the 153rd record. Run 1, Event 2734, LumiSection 1677 at 19-Nov-2013 10:53:59.918 CET
Begin processing the 154th record. Run 1, Event 2737, LumiSection 1677 at 19-Nov-2013 10:53:59.919 CET
Begin processing the 155th record. Run 1, Event 2743, LumiSection 1677 at 19-Nov-2013 10:53:59.921 CET
Begin processing the 156th record. Run 1, Event 2744, LumiSection 1677 at 19-Nov-2013 10:53:59.923 CET
Begin processing the 157th record. Run 1, Event 2747, LumiSection 1677 at 19-Nov-2013 10:53:59.925 CET
Begin processing the 158th record. Run 1, Event 2748, LumiSection 1677 at 19-Nov-2013 10:53:59.926 CET
Begin processing the 159th record. Run 1, Event 2750, LumiSection 1677 at 19-Nov-2013 10:53:59.927 CET
Begin processing the 160th record. Run 1, Event 2755, LumiSection 1677 at 19-Nov-2013 10:53:59.929 CET
Begin processing the 161st record. Run 1, Event 2756, LumiSection 1677 at 19-Nov-2013 10:53:59.930 CET
Begin processing the 162nd record. Run 1, Event 2764, LumiSection 1677 at 19-Nov-2013 10:53:59.931 CET
Begin processing the 163rd record. Run 1, Event 2767, LumiSection 1677 at 19-Nov-2013 10:53:59.933 CET
Begin processing the 164th record. Run 1, Event 2771, LumiSection 1677 at 19-Nov-2013 10:53:59.934 CET
Begin processing the 165th record. Run 1, Event 2789, LumiSection 1677 at 19-Nov-2013 10:53:59.936 CET
Begin processing the 166th record. Run 1, Event 2792, LumiSection 1677 at 19-Nov-2013 10:53:59.937 CET
Begin processing the 167th record. Run 1, Event 2795, LumiSection 1677 at 19-Nov-2013 10:53:59.939 CET
Begin processing the 168th record. Run 1, Event 2801, LumiSection 1677 at 19-Nov-2013 10:53:59.940 CET
Begin processing the 169th record. Run 1, Event 2809, LumiSection 1677 at 19-Nov-2013 10:53:59.942 CET
Begin processing the 170th record. Run 1, Event 2823, LumiSection 1677 at 19-Nov-2013 10:53:59.944 CET
Begin processing the 171st record. Run 1, Event 2827, LumiSection 1677 at 19-Nov-2013 10:53:59.946 CET
Begin processing the 172nd record. Run 1, Event 2834, LumiSection 1677 at 19-Nov-2013 10:53:59.948 CET
Begin processing the 173rd record. Run 1, Event 2837, LumiSection 1677 at 19-Nov-2013 10:53:59.949 CET
Begin processing the 174th record. Run 1, Event 2838, LumiSection 1677 at 19-Nov-2013 10:53:59.950 CET
Begin processing the 175th record. Run 1, Event 2839, LumiSection 1677 at 19-Nov-2013 10:53:59.952 CET
Begin processing the 176th record. Run 1, Event 2842, LumiSection 1677 at 19-Nov-2013 10:53:59.953 CET
Begin processing the 177th record. Run 1, Event 2843, LumiSection 1677 at 19-Nov-2013 10:53:59.955 CET
Begin processing the 178th record. Run 1, Event 2845, LumiSection 1677 at 19-Nov-2013 10:53:59.956 CET
Begin processing the 179th record. Run 1, Event 2846, LumiSection 1677 at 19-Nov-2013 10:53:59.957 CET
Begin processing the 180th record. Run 1, Event 2854, LumiSection 1677 at 19-Nov-2013 10:53:59.959 CET
Begin processing the 181st record. Run 1, Event 2857, LumiSection 1677 at 19-Nov-2013 10:53:59.961 CET
Begin processing the 182nd record. Run 1, Event 2863, LumiSection 1677 at 19-Nov-2013 10:53:59.962 CET
Begin processing the 183rd record. Run 1, Event 2864, LumiSection 1677 at 19-Nov-2013 10:53:59.963 CET
Begin processing the 184th record. Run 1, Event 2866, LumiSection 1677 at 19-Nov-2013 10:53:59.965 CET
Begin processing the 185th record. Run 1, Event 2868, LumiSection 1677 at 19-Nov-2013 10:53:59.966 CET
Begin processing the 186th record. Run 1, Event 2874, LumiSection 1677 at 19-Nov-2013 10:53:59.968 CET
Begin processing the 187th record. Run 1, Event 2878, LumiSection 1677 at 19-Nov-2013 10:53:59.969 CET
Begin processing the 188th record. Run 1, Event 2882, LumiSection 1677 at 19-Nov-2013 10:53:59.970 CET
Begin processing the 189th record. Run 1, Event 2884, LumiSection 1677 at 19-Nov-2013 10:53:59.971 CET
Begin processing the 190th record. Run 1, Event 2888, LumiSection 1677 at 19-Nov-2013 10:53:59.972 CET
Begin processing the 191st record. Run 1, Event 2904, LumiSection 1677 at 19-Nov-2013 10:53:59.974 CET
Begin processing the 192nd record. Run 1, Event 2907, LumiSection 1677 at 19-Nov-2013 10:53:59.975 CET
Begin processing the 193rd record. Run 1, Event 2910, LumiSection 1677 at 19-Nov-2013 10:53:59.976 CET
Begin processing the 194th record. Run 1, Event 2919, LumiSection 1677 at 19-Nov-2013 10:53:59.978 CET
Begin processing the 195th record. Run 1, Event 2922, LumiSection 1677 at 19-Nov-2013 10:53:59.979 CET
Begin processing the 196th record. Run 1, Event 2923, LumiSection 1677 at 19-Nov-2013 10:53:59.981 CET
Begin processing the 197th record. Run 1, Event 2924, LumiSection 1677 at 19-Nov-2013 10:53:59.982 CET
Begin processing the 198th record. Run 1, Event 2926, LumiSection 1677 at 19-Nov-2013 10:53:59.984 CET
Begin processing the 199th record. Run 1, Event 2929, LumiSection 1677 at 19-Nov-2013 10:53:59.986 CET
Begin processing the 200th record. Run 1, Event 2930, LumiSection 1677 at 19-Nov-2013 10:53:59.987 CET
Begin processing the 201st record. Run 1, Event 2932, LumiSection 1677 at 19-Nov-2013 10:53:59.989 CET
Begin processing the 202nd record. Run 1, Event 2934, LumiSection 1677 at 19-Nov-2013 10:53:59.990 CET
Begin processing the 203rd record. Run 1, Event 2943, LumiSection 1677 at 19-Nov-2013 10:53:59.992 CET
Begin processing the 204th record. Run 1, Event 2946, LumiSection 1677 at 19-Nov-2013 10:53:59.993 CET
Begin processing the 205th record. Run 1, Event 2948, LumiSection 1677 at 19-Nov-2013 10:53:59.994 CET
Begin processing the 206th record. Run 1, Event 2955, LumiSection 1677 at 19-Nov-2013 10:53:59.996 CET
Begin processing the 207th record. Run 1, Event 2964, LumiSection 1677 at 19-Nov-2013 10:53:59.996 CET
%MSG-i Ghost_found_barrel:  MuonMatch:demo 19-Nov-2013 10:53:59 CET  Run: 1 Event: 2964
Found 1 Ghosts in barrel region with energy > 0 GeV in LumiBlock: 1677 Event No: 2964
%MSG
%MSG-i Ghost_found_barrel:  MuonMatch:demo 19-Nov-2013 10:53:59 CET  Run: 1 Event: 2964
Found 1 Ghosts in barrel region with energy > 5 GeV in LumiBlock: 1677 Event No: 2964
%MSG
Begin processing the 208th record. Run 1, Event 2969, LumiSection 1677 at 19-Nov-2013 10:53:59.997 CET
Begin processing the 209th record. Run 1, Event 2973, LumiSection 1677 at 19-Nov-2013 10:53:59.999 CET
Begin processing the 210th record. Run 1, Event 2974, LumiSection 1677 at 19-Nov-2013 10:54:00.001 CET
Begin processing the 211th record. Run 1, Event 2984, LumiSection 1677 at 19-Nov-2013 10:54:00.002 CET
Begin processing the 212th record. Run 1, Event 2985, LumiSection 1677 at 19-Nov-2013 10:54:00.005 CET
Begin processing the 213th record. Run 1, Event 2987, LumiSection 1677 at 19-Nov-2013 10:54:00.006 CET
Begin processing the 214th record. Run 1, Event 2993, LumiSection 1677 at 19-Nov-2013 10:54:00.008 CET
Begin processing the 215th record. Run 1, Event 2997, LumiSection 1677 at 19-Nov-2013 10:54:00.010 CET
Begin processing the 216th record. Run 1, Event 233706, LumiSection 5781 at 19-Nov-2013 10:54:00.011 CET
Begin processing the 217th record. Run 1, Event 233707, LumiSection 5781 at 19-Nov-2013 10:54:00.013 CET
Begin processing the 218th record. Run 1, Event 233713, LumiSection 5781 at 19-Nov-2013 10:54:00.015 CET
Begin processing the 219th record. Run 1, Event 233714, LumiSection 5781 at 19-Nov-2013 10:54:00.017 CET
Begin processing the 220th record. Run 1, Event 233726, LumiSection 5781 at 19-Nov-2013 10:54:00.019 CET
Begin processing the 221st record. Run 1, Event 233732, LumiSection 5781 at 19-Nov-2013 10:54:00.020 CET
Begin processing the 222nd record. Run 1, Event 233733, LumiSection 5781 at 19-Nov-2013 10:54:00.021 CET
Begin processing the 223rd record. Run 1, Event 233737, LumiSection 5781 at 19-Nov-2013 10:54:00.022 CET
Begin processing the 224th record. Run 1, Event 233740, LumiSection 5781 at 19-Nov-2013 10:54:00.024 CET
Begin processing the 225th record. Run 1, Event 233742, LumiSection 5781 at 19-Nov-2013 10:54:00.025 CET
Begin processing the 226th record. Run 1, Event 233744, LumiSection 5781 at 19-Nov-2013 10:54:00.027 CET
Begin processing the 227th record. Run 1, Event 233745, LumiSection 5781 at 19-Nov-2013 10:54:00.028 CET
Begin processing the 228th record. Run 1, Event 233758, LumiSection 5781 at 19-Nov-2013 10:54:00.029 CET
Begin processing the 229th record. Run 1, Event 233768, LumiSection 5781 at 19-Nov-2013 10:54:00.030 CET
Begin processing the 230th record. Run 1, Event 233769, LumiSection 5781 at 19-Nov-2013 10:54:00.031 CET
Begin processing the 231st record. Run 1, Event 233778, LumiSection 5781 at 19-Nov-2013 10:54:00.032 CET
Begin processing the 232nd record. Run 1, Event 233786, LumiSection 5781 at 19-Nov-2013 10:54:00.035 CET
Begin processing the 233rd record. Run 1, Event 233796, LumiSection 5781 at 19-Nov-2013 10:54:00.037 CET
Begin processing the 234th record. Run 1, Event 233799, LumiSection 5781 at 19-Nov-2013 10:54:00.038 CET
Begin processing the 235th record. Run 1, Event 233800, LumiSection 5781 at 19-Nov-2013 10:54:00.039 CET
Begin processing the 236th record. Run 1, Event 233805, LumiSection 5781 at 19-Nov-2013 10:54:00.040 CET
Begin processing the 237th record. Run 1, Event 233812, LumiSection 5781 at 19-Nov-2013 10:54:00.041 CET
Begin processing the 238th record. Run 1, Event 233820, LumiSection 5781 at 19-Nov-2013 10:54:00.042 CET
Begin processing the 239th record. Run 1, Event 233824, LumiSection 5781 at 19-Nov-2013 10:54:00.043 CET
Begin processing the 240th record. Run 1, Event 233827, LumiSection 5781 at 19-Nov-2013 10:54:00.046 CET
Begin processing the 241st record. Run 1, Event 233830, LumiSection 5781 at 19-Nov-2013 10:54:00.047 CET
Begin processing the 242nd record. Run 1, Event 233835, LumiSection 5781 at 19-Nov-2013 10:54:00.048 CET
Begin processing the 243rd record. Run 1, Event 233842, LumiSection 5781 at 19-Nov-2013 10:54:00.049 CET
Begin processing the 244th record. Run 1, Event 233844, LumiSection 5781 at 19-Nov-2013 10:54:00.051 CET
Begin processing the 245th record. Run 1, Event 233851, LumiSection 5781 at 19-Nov-2013 10:54:00.052 CET
Begin processing the 246th record. Run 1, Event 233860, LumiSection 5781 at 19-Nov-2013 10:54:00.053 CET
Begin processing the 247th record. Run 1, Event 233864, LumiSection 5781 at 19-Nov-2013 10:54:00.056 CET
Begin processing the 248th record. Run 1, Event 233867, LumiSection 5781 at 19-Nov-2013 10:54:00.057 CET
Begin processing the 249th record. Run 1, Event 233869, LumiSection 5781 at 19-Nov-2013 10:54:00.058 CET
Begin processing the 250th record. Run 1, Event 233874, LumiSection 5781 at 19-Nov-2013 10:54:00.059 CET
Begin processing the 251st record. Run 1, Event 233875, LumiSection 5781 at 19-Nov-2013 10:54:00.060 CET
Begin processing the 252nd record. Run 1, Event 233878, LumiSection 5781 at 19-Nov-2013 10:54:00.061 CET
Begin processing the 253rd record. Run 1, Event 233883, LumiSection 5781 at 19-Nov-2013 10:54:00.063 CET
Begin processing the 254th record. Run 1, Event 233884, LumiSection 5781 at 19-Nov-2013 10:54:00.065 CET
Begin processing the 255th record. Run 1, Event 233885, LumiSection 5781 at 19-Nov-2013 10:54:00.066 CET
Begin processing the 256th record. Run 1, Event 233889, LumiSection 5781 at 19-Nov-2013 10:54:00.068 CET
Begin processing the 257th record. Run 1, Event 233894, LumiSection 5781 at 19-Nov-2013 10:54:00.069 CET
Begin processing the 258th record. Run 1, Event 233896, LumiSection 5781 at 19-Nov-2013 10:54:00.069 CET
Begin processing the 259th record. Run 1, Event 233903, LumiSection 5781 at 19-Nov-2013 10:54:00.071 CET
Begin processing the 260th record. Run 1, Event 233907, LumiSection 5781 at 19-Nov-2013 10:54:00.074 CET
Begin processing the 261st record. Run 1, Event 233917, LumiSection 5781 at 19-Nov-2013 10:54:00.076 CET
Begin processing the 262nd record. Run 1, Event 233925, LumiSection 5781 at 19-Nov-2013 10:54:00.077 CET
Begin processing the 263rd record. Run 1, Event 233927, LumiSection 5781 at 19-Nov-2013 10:54:00.078 CET
Begin processing the 264th record. Run 1, Event 233932, LumiSection 5781 at 19-Nov-2013 10:54:00.079 CET
Begin processing the 265th record. Run 1, Event 233941, LumiSection 5781 at 19-Nov-2013 10:54:00.081 CET
Begin processing the 266th record. Run 1, Event 233942, LumiSection 5781 at 19-Nov-2013 10:54:00.082 CET
Begin processing the 267th record. Run 1, Event 233944, LumiSection 5781 at 19-Nov-2013 10:54:00.084 CET
Begin processing the 268th record. Run 1, Event 233947, LumiSection 5781 at 19-Nov-2013 10:54:00.087 CET
Begin processing the 269th record. Run 1, Event 233950, LumiSection 5781 at 19-Nov-2013 10:54:00.088 CET
Begin processing the 270th record. Run 1, Event 233953, LumiSection 5781 at 19-Nov-2013 10:54:00.089 CET
Begin processing the 271st record. Run 1, Event 233960, LumiSection 5781 at 19-Nov-2013 10:54:00.091 CET
Begin processing the 272nd record. Run 1, Event 233965, LumiSection 5781 at 19-Nov-2013 10:54:00.092 CET
Begin processing the 273rd record. Run 1, Event 233968, LumiSection 5781 at 19-Nov-2013 10:54:00.093 CET
Begin processing the 274th record. Run 1, Event 233971, LumiSection 5781 at 19-Nov-2013 10:54:00.095 CET
Begin processing the 275th record. Run 1, Event 233973, LumiSection 5781 at 19-Nov-2013 10:54:00.098 CET
Begin processing the 276th record. Run 1, Event 233984, LumiSection 5781 at 19-Nov-2013 10:54:00.099 CET
Begin processing the 277th record. Run 1, Event 233987, LumiSection 5781 at 19-Nov-2013 10:54:00.100 CET
Begin processing the 278th record. Run 1, Event 233992, LumiSection 5781 at 19-Nov-2013 10:54:00.101 CET
Begin processing the 279th record. Run 1, Event 233999, LumiSection 5781 at 19-Nov-2013 10:54:00.102 CET
Begin processing the 280th record. Run 1, Event 162304, LumiSection 8877 at 19-Nov-2013 10:54:00.104 CET
Begin processing the 281st record. Run 1, Event 162310, LumiSection 8877 at 19-Nov-2013 10:54:00.106 CET
Begin processing the 282nd record. Run 1, Event 162331, LumiSection 8877 at 19-Nov-2013 10:54:00.108 CET
Begin processing the 283rd record. Run 1, Event 162337, LumiSection 8877 at 19-Nov-2013 10:54:00.109 CET
Begin processing the 284th record. Run 1, Event 162350, LumiSection 8877 at 19-Nov-2013 10:54:00.111 CET
Begin processing the 285th record. Run 1, Event 162351, LumiSection 8877 at 19-Nov-2013 10:54:00.113 CET
Begin processing the 286th record. Run 1, Event 162352, LumiSection 8877 at 19-Nov-2013 10:54:00.114 CET
Begin processing the 287th record. Run 1, Event 162356, LumiSection 8877 at 19-Nov-2013 10:54:00.116 CET
Begin processing the 288th record. Run 1, Event 162362, LumiSection 8877 at 19-Nov-2013 10:54:00.117 CET
Begin processing the 289th record. Run 1, Event 162367, LumiSection 8877 at 19-Nov-2013 10:54:00.118 CET
Begin processing the 290th record. Run 1, Event 162368, LumiSection 8877 at 19-Nov-2013 10:54:00.120 CET
Begin processing the 291st record. Run 1, Event 162371, LumiSection 8877 at 19-Nov-2013 10:54:00.121 CET
Begin processing the 292nd record. Run 1, Event 162373, LumiSection 8877 at 19-Nov-2013 10:54:00.122 CET
Begin processing the 293rd record. Run 1, Event 162374, LumiSection 8877 at 19-Nov-2013 10:54:00.123 CET
Begin processing the 294th record. Run 1, Event 162381, LumiSection 8877 at 19-Nov-2013 10:54:00.124 CET
Begin processing the 295th record. Run 1, Event 162383, LumiSection 8877 at 19-Nov-2013 10:54:00.126 CET
Begin processing the 296th record. Run 1, Event 162398, LumiSection 8877 at 19-Nov-2013 10:54:00.128 CET
Begin processing the 297th record. Run 1, Event 162402, LumiSection 8877 at 19-Nov-2013 10:54:00.129 CET
Begin processing the 298th record. Run 1, Event 162409, LumiSection 8877 at 19-Nov-2013 10:54:00.130 CET
Begin processing the 299th record. Run 1, Event 162411, LumiSection 8877 at 19-Nov-2013 10:54:00.131 CET
Begin processing the 300th record. Run 1, Event 162414, LumiSection 8877 at 19-Nov-2013 10:54:00.132 CET
Begin processing the 301st record. Run 1, Event 162423, LumiSection 8877 at 19-Nov-2013 10:54:00.134 CET
Begin processing the 302nd record. Run 1, Event 162425, LumiSection 8877 at 19-Nov-2013 10:54:00.135 CET
Begin processing the 303rd record. Run 1, Event 162426, LumiSection 8877 at 19-Nov-2013 10:54:00.137 CET
Begin processing the 304th record. Run 1, Event 162431, LumiSection 8877 at 19-Nov-2013 10:54:00.139 CET
Begin processing the 305th record. Run 1, Event 162436, LumiSection 8877 at 19-Nov-2013 10:54:00.141 CET
Begin processing the 306th record. Run 1, Event 162437, LumiSection 8877 at 19-Nov-2013 10:54:00.142 CET
Begin processing the 307th record. Run 1, Event 162440, LumiSection 8877 at 19-Nov-2013 10:54:00.143 CET
Begin processing the 308th record. Run 1, Event 162443, LumiSection 8877 at 19-Nov-2013 10:54:00.145 CET
Begin processing the 309th record. Run 1, Event 162446, LumiSection 8877 at 19-Nov-2013 10:54:00.147 CET
Begin processing the 310th record. Run 1, Event 162449, LumiSection 8877 at 19-Nov-2013 10:54:00.149 CET
Begin processing the 311th record. Run 1, Event 162450, LumiSection 8877 at 19-Nov-2013 10:54:00.150 CET
Begin processing the 312th record. Run 1, Event 162451, LumiSection 8877 at 19-Nov-2013 10:54:00.151 CET
Begin processing the 313th record. Run 1, Event 162458, LumiSection 8877 at 19-Nov-2013 10:54:00.152 CET
Begin processing the 314th record. Run 1, Event 162460, LumiSection 8877 at 19-Nov-2013 10:54:00.153 CET
Begin processing the 315th record. Run 1, Event 162465, LumiSection 8877 at 19-Nov-2013 10:54:00.154 CET
Begin processing the 316th record. Run 1, Event 162470, LumiSection 8877 at 19-Nov-2013 10:54:00.156 CET
Begin processing the 317th record. Run 1, Event 162471, LumiSection 8877 at 19-Nov-2013 10:54:00.158 CET
Begin processing the 318th record. Run 1, Event 162473, LumiSection 8877 at 19-Nov-2013 10:54:00.159 CET
Begin processing the 319th record. Run 1, Event 162474, LumiSection 8877 at 19-Nov-2013 10:54:00.160 CET
Begin processing the 320th record. Run 1, Event 162482, LumiSection 8877 at 19-Nov-2013 10:54:00.162 CET
Begin processing the 321st record. Run 1, Event 162502, LumiSection 8877 at 19-Nov-2013 10:54:00.163 CET
Begin processing the 322nd record. Run 1, Event 162506, LumiSection 8877 at 19-Nov-2013 10:54:00.165 CET
Begin processing the 323rd record. Run 1, Event 162520, LumiSection 8877 at 19-Nov-2013 10:54:00.166 CET
Begin processing the 324th record. Run 1, Event 162526, LumiSection 8877 at 19-Nov-2013 10:54:00.168 CET
Begin processing the 325th record. Run 1, Event 162528, LumiSection 8877 at 19-Nov-2013 10:54:00.169 CET
Begin processing the 326th record. Run 1, Event 162529, LumiSection 8877 at 19-Nov-2013 10:54:00.170 CET
Begin processing the 327th record. Run 1, Event 162540, LumiSection 8877 at 19-Nov-2013 10:54:00.172 CET
Begin processing the 328th record. Run 1, Event 162544, LumiSection 8877 at 19-Nov-2013 10:54:00.173 CET
Begin processing the 329th record. Run 1, Event 162554, LumiSection 8877 at 19-Nov-2013 10:54:00.174 CET
Begin processing the 330th record. Run 1, Event 162556, LumiSection 8877 at 19-Nov-2013 10:54:00.176 CET
Begin processing the 331st record. Run 1, Event 162559, LumiSection 8877 at 19-Nov-2013 10:54:00.179 CET
Begin processing the 332nd record. Run 1, Event 162561, LumiSection 8877 at 19-Nov-2013 10:54:00.180 CET
Begin processing the 333rd record. Run 1, Event 162565, LumiSection 8877 at 19-Nov-2013 10:54:00.181 CET
Begin processing the 334th record. Run 1, Event 162576, LumiSection 8877 at 19-Nov-2013 10:54:00.183 CET
Begin processing the 335th record. Run 1, Event 162577, LumiSection 8877 at 19-Nov-2013 10:54:00.184 CET
Begin processing the 336th record. Run 1, Event 162579, LumiSection 8877 at 19-Nov-2013 10:54:00.186 CET
Begin processing the 337th record. Run 1, Event 162587, LumiSection 8877 at 19-Nov-2013 10:54:00.187 CET
Begin processing the 338th record. Run 1, Event 162589, LumiSection 8877 at 19-Nov-2013 10:54:00.190 CET
Begin processing the 339th record. Run 1, Event 162590, LumiSection 8877 at 19-Nov-2013 10:54:00.192 CET
Begin processing the 340th record. Run 1, Event 162593, LumiSection 8877 at 19-Nov-2013 10:54:00.193 CET
Begin processing the 341st record. Run 1, Event 493801, LumiSection 16650 at 19-Nov-2013 10:54:00.195 CET
Begin processing the 342nd record. Run 1, Event 493804, LumiSection 16650 at 19-Nov-2013 10:54:00.197 CET
Begin processing the 343rd record. Run 1, Event 493805, LumiSection 16650 at 19-Nov-2013 10:54:00.198 CET
Begin processing the 344th record. Run 1, Event 493810, LumiSection 16650 at 19-Nov-2013 10:54:00.199 CET
Begin processing the 345th record. Run 1, Event 493816, LumiSection 16650 at 19-Nov-2013 10:54:00.202 CET
Begin processing the 346th record. Run 1, Event 493833, LumiSection 16650 at 19-Nov-2013 10:54:00.203 CET
Begin processing the 347th record. Run 1, Event 493835, LumiSection 16650 at 19-Nov-2013 10:54:00.205 CET
Begin processing the 348th record. Run 1, Event 493840, LumiSection 16650 at 19-Nov-2013 10:54:00.206 CET
Begin processing the 349th record. Run 1, Event 493844, LumiSection 16650 at 19-Nov-2013 10:54:00.207 CET
Begin processing the 350th record. Run 1, Event 493860, LumiSection 16650 at 19-Nov-2013 10:54:00.209 CET
Begin processing the 351st record. Run 1, Event 493862, LumiSection 16650 at 19-Nov-2013 10:54:00.210 CET
Begin processing the 352nd record. Run 1, Event 493863, LumiSection 16650 at 19-Nov-2013 10:54:00.212 CET
Begin processing the 353rd record. Run 1, Event 493864, LumiSection 16650 at 19-Nov-2013 10:54:00.214 CET
Begin processing the 354th record. Run 1, Event 493867, LumiSection 16650 at 19-Nov-2013 10:54:00.214 CET
Begin processing the 355th record. Run 1, Event 493870, LumiSection 16650 at 19-Nov-2013 10:54:00.216 CET
Begin processing the 356th record. Run 1, Event 493871, LumiSection 16650 at 19-Nov-2013 10:54:00.216 CET
Begin processing the 357th record. Run 1, Event 493872, LumiSection 16650 at 19-Nov-2013 10:54:00.218 CET
Begin processing the 358th record. Run 1, Event 493876, LumiSection 16650 at 19-Nov-2013 10:54:00.219 CET
Begin processing the 359th record. Run 1, Event 493880, LumiSection 16650 at 19-Nov-2013 10:54:00.222 CET
Begin processing the 360th record. Run 1, Event 493884, LumiSection 16650 at 19-Nov-2013 10:54:00.222 CET
Begin processing the 361st record. Run 1, Event 493886, LumiSection 16650 at 19-Nov-2013 10:54:00.224 CET
Begin processing the 362nd record. Run 1, Event 493893, LumiSection 16650 at 19-Nov-2013 10:54:00.225 CET
Begin processing the 363rd record. Run 1, Event 493895, LumiSection 16650 at 19-Nov-2013 10:54:00.227 CET
Begin processing the 364th record. Run 1, Event 493902, LumiSection 16650 at 19-Nov-2013 10:54:00.228 CET
Begin processing the 365th record. Run 1, Event 493905, LumiSection 16650 at 19-Nov-2013 10:54:00.229 CET
Begin processing the 366th record. Run 1, Event 493910, LumiSection 16650 at 19-Nov-2013 10:54:00.232 CET
Begin processing the 367th record. Run 1, Event 493911, LumiSection 16650 at 19-Nov-2013 10:54:00.233 CET
Begin processing the 368th record. Run 1, Event 493917, LumiSection 16650 at 19-Nov-2013 10:54:00.234 CET
Begin processing the 369th record. Run 1, Event 493919, LumiSection 16650 at 19-Nov-2013 10:54:00.235 CET
Begin processing the 370th record. Run 1, Event 493922, LumiSection 16650 at 19-Nov-2013 10:54:00.236 CET
Begin processing the 371st record. Run 1, Event 493925, LumiSection 16650 at 19-Nov-2013 10:54:00.237 CET
Begin processing the 372nd record. Run 1, Event 493932, LumiSection 16650 at 19-Nov-2013 10:54:00.238 CET
Begin processing the 373rd record. Run 1, Event 493934, LumiSection 16650 at 19-Nov-2013 10:54:00.241 CET
Begin processing the 374th record. Run 1, Event 493940, LumiSection 16650 at 19-Nov-2013 10:54:00.242 CET
Begin processing the 375th record. Run 1, Event 493950, LumiSection 16650 at 19-Nov-2013 10:54:00.244 CET
%MSG-i Ghost_found_endcap:  MuonMatch:demo 19-Nov-2013 10:54:00 CET  Run: 1 Event: 493950
Found 1 Ghosts in endcap region with energy > 0 GeV in LumiBlock: 16650 Event No: 493950
%MSG
%MSG-i Ghost_found_endcap:  MuonMatch:demo 19-Nov-2013 10:54:00 CET  Run: 1 Event: 493950
Found 1 Ghosts in endcap region with energy > 5 GeV in LumiBlock: 16650 Event No: 493950
%MSG
Begin processing the 376th record. Run 1, Event 493952, LumiSection 16650 at 19-Nov-2013 10:54:00.245 CET
Begin processing the 377th record. Run 1, Event 493953, LumiSection 16650 at 19-Nov-2013 10:54:00.247 CET
Begin processing the 378th record. Run 1, Event 493956, LumiSection 16650 at 19-Nov-2013 10:54:00.248 CET
Begin processing the 379th record. Run 1, Event 493957, LumiSection 16650 at 19-Nov-2013 10:54:00.249 CET
Begin processing the 380th record. Run 1, Event 493971, LumiSection 16650 at 19-Nov-2013 10:54:00.251 CET
Begin processing the 381st record. Run 1, Event 493973, LumiSection 16650 at 19-Nov-2013 10:54:00.253 CET
Begin processing the 382nd record. Run 1, Event 493983, LumiSection 16650 at 19-Nov-2013 10:54:00.255 CET
Begin processing the 383rd record. Run 1, Event 493986, LumiSection 16650 at 19-Nov-2013 10:54:00.256 CET
Begin processing the 384th record. Run 1, Event 493988, LumiSection 16650 at 19-Nov-2013 10:54:00.258 CET
Begin processing the 385th record. Run 1, Event 493998, LumiSection 16650 at 19-Nov-2013 10:54:00.259 CET
Begin processing the 386th record. Run 1, Event 494003, LumiSection 16650 at 19-Nov-2013 10:54:00.261 CET
Begin processing the 387th record. Run 1, Event 494011, LumiSection 16650 at 19-Nov-2013 10:54:00.264 CET
Begin processing the 388th record. Run 1, Event 494016, LumiSection 16650 at 19-Nov-2013 10:54:00.264 CET
Begin processing the 389th record. Run 1, Event 494019, LumiSection 16650 at 19-Nov-2013 10:54:00.266 CET
Begin processing the 390th record. Run 1, Event 494021, LumiSection 16650 at 19-Nov-2013 10:54:00.267 CET
Begin processing the 391st record. Run 1, Event 494023, LumiSection 16650 at 19-Nov-2013 10:54:00.268 CET
Begin processing the 392nd record. Run 1, Event 494025, LumiSection 16650 at 19-Nov-2013 10:54:00.270 CET
Begin processing the 393rd record. Run 1, Event 494027, LumiSection 16650 at 19-Nov-2013 10:54:00.272 CET
Begin processing the 394th record. Run 1, Event 494036, LumiSection 16650 at 19-Nov-2013 10:54:00.275 CET
Begin processing the 395th record. Run 1, Event 494038, LumiSection 16650 at 19-Nov-2013 10:54:00.276 CET
Begin processing the 396th record. Run 1, Event 494040, LumiSection 16650 at 19-Nov-2013 10:54:00.278 CET
Begin processing the 397th record. Run 1, Event 494041, LumiSection 16650 at 19-Nov-2013 10:54:00.279 CET
Begin processing the 398th record. Run 1, Event 494042, LumiSection 16650 at 19-Nov-2013 10:54:00.280 CET
Begin processing the 399th record. Run 1, Event 494047, LumiSection 16650 at 19-Nov-2013 10:54:00.281 CET
Begin processing the 400th record. Run 1, Event 494052, LumiSection 16650 at 19-Nov-2013 10:54:00.282 CET
Begin processing the 401st record. Run 1, Event 494057, LumiSection 16650 at 19-Nov-2013 10:54:00.284 CET
Begin processing the 402nd record. Run 1, Event 494062, LumiSection 16650 at 19-Nov-2013 10:54:00.286 CET
Begin processing the 403rd record. Run 1, Event 494063, LumiSection 16650 at 19-Nov-2013 10:54:00.288 CET
Begin processing the 404th record. Run 1, Event 494067, LumiSection 16650 at 19-Nov-2013 10:54:00.289 CET
Begin processing the 405th record. Run 1, Event 494068, LumiSection 16650 at 19-Nov-2013 10:54:00.290 CET
%MSG-i Ghost_found_barrel:  MuonMatch:demo 19-Nov-2013 10:54:00 CET  Run: 1 Event: 494068
Found 1 Ghosts in barrel region with energy > 0 GeV in LumiBlock: 16650 Event No: 494068
%MSG
%MSG-i Ghost_found_barrel:  MuonMatch:demo 19-Nov-2013 10:54:00 CET  Run: 1 Event: 494068
Found 1 Ghosts in barrel region with energy > 5 GeV in LumiBlock: 16650 Event No: 494068
%MSG
Begin processing the 406th record. Run 1, Event 494074, LumiSection 16650 at 19-Nov-2013 10:54:00.291 CET
Begin processing the 407th record. Run 1, Event 494075, LumiSection 16650 at 19-Nov-2013 10:54:00.292 CET
Begin processing the 408th record. Run 1, Event 494084, LumiSection 16650 at 19-Nov-2013 10:54:00.295 CET
Begin processing the 409th record. Run 1, Event 494089, LumiSection 16650 at 19-Nov-2013 10:54:00.296 CET
Begin processing the 410th record. Run 1, Event 494098, LumiSection 16650 at 19-Nov-2013 10:54:00.297 CET
Begin processing the 411th record. Run 1, Event 296401, LumiSection 22660 at 19-Nov-2013 10:54:00.299 CET
Begin processing the 412th record. Run 1, Event 296402, LumiSection 22660 at 19-Nov-2013 10:54:00.300 CET
Begin processing the 413th record. Run 1, Event 296405, LumiSection 22660 at 19-Nov-2013 10:54:00.301 CET
Begin processing the 414th record. Run 1, Event 296411, LumiSection 22660 at 19-Nov-2013 10:54:00.302 CET
Begin processing the 415th record. Run 1, Event 296412, LumiSection 22660 at 19-Nov-2013 10:54:00.304 CET
Begin processing the 416th record. Run 1, Event 296418, LumiSection 22660 at 19-Nov-2013 10:54:00.305 CET
Begin processing the 417th record. Run 1, Event 296420, LumiSection 22660 at 19-Nov-2013 10:54:00.307 CET
Begin processing the 418th record. Run 1, Event 296423, LumiSection 22660 at 19-Nov-2013 10:54:00.308 CET
Begin processing the 419th record. Run 1, Event 296425, LumiSection 22660 at 19-Nov-2013 10:54:00.309 CET
Begin processing the 420th record. Run 1, Event 296428, LumiSection 22660 at 19-Nov-2013 10:54:00.311 CET
Begin processing the 421st record. Run 1, Event 296429, LumiSection 22660 at 19-Nov-2013 10:54:00.312 CET
Begin processing the 422nd record. Run 1, Event 296430, LumiSection 22660 at 19-Nov-2013 10:54:00.314 CET
Begin processing the 423rd record. Run 1, Event 296433, LumiSection 22660 at 19-Nov-2013 10:54:00.316 CET
Begin processing the 424th record. Run 1, Event 296435, LumiSection 22660 at 19-Nov-2013 10:54:00.317 CET
Begin processing the 425th record. Run 1, Event 296436, LumiSection 22660 at 19-Nov-2013 10:54:00.319 CET
Begin processing the 426th record. Run 1, Event 296437, LumiSection 22660 at 19-Nov-2013 10:54:00.321 CET
Begin processing the 427th record. Run 1, Event 296438, LumiSection 22660 at 19-Nov-2013 10:54:00.323 CET
Begin processing the 428th record. Run 1, Event 296443, LumiSection 22660 at 19-Nov-2013 10:54:00.324 CET
Begin processing the 429th record. Run 1, Event 296447, LumiSection 22660 at 19-Nov-2013 10:54:00.327 CET
Begin processing the 430th record. Run 1, Event 296451, LumiSection 22660 at 19-Nov-2013 10:54:00.328 CET
Begin processing the 431st record. Run 1, Event 296453, LumiSection 22660 at 19-Nov-2013 10:54:00.329 CET
Begin processing the 432nd record. Run 1, Event 296454, LumiSection 22660 at 19-Nov-2013 10:54:00.330 CET
Begin processing the 433rd record. Run 1, Event 296457, LumiSection 22660 at 19-Nov-2013 10:54:00.331 CET
Begin processing the 434th record. Run 1, Event 296460, LumiSection 22660 at 19-Nov-2013 10:54:00.332 CET
Begin processing the 435th record. Run 1, Event 296465, LumiSection 22660 at 19-Nov-2013 10:54:00.333 CET
Begin processing the 436th record. Run 1, Event 296468, LumiSection 22660 at 19-Nov-2013 10:54:00.336 CET
Begin processing the 437th record. Run 1, Event 296471, LumiSection 22660 at 19-Nov-2013 10:54:00.338 CET
Begin processing the 438th record. Run 1, Event 296472, LumiSection 22660 at 19-Nov-2013 10:54:00.339 CET
Begin processing the 439th record. Run 1, Event 296474, LumiSection 22660 at 19-Nov-2013 10:54:00.340 CET
Begin processing the 440th record. Run 1, Event 296481, LumiSection 22660 at 19-Nov-2013 10:54:00.341 CET
Begin processing the 441st record. Run 1, Event 296483, LumiSection 22660 at 19-Nov-2013 10:54:00.342 CET
Begin processing the 442nd record. Run 1, Event 296485, LumiSection 22660 at 19-Nov-2013 10:54:00.343 CET
Begin processing the 443rd record. Run 1, Event 296488, LumiSection 22660 at 19-Nov-2013 10:54:00.346 CET
Begin processing the 444th record. Run 1, Event 296497, LumiSection 22660 at 19-Nov-2013 10:54:00.347 CET
Begin processing the 445th record. Run 1, Event 296498, LumiSection 22660 at 19-Nov-2013 10:54:00.348 CET
Begin processing the 446th record. Run 1, Event 296500, LumiSection 22660 at 19-Nov-2013 10:54:00.350 CET
Begin processing the 447th record. Run 1, Event 296506, LumiSection 22660 at 19-Nov-2013 10:54:00.351 CET
Begin processing the 448th record. Run 1, Event 296508, LumiSection 22660 at 19-Nov-2013 10:54:00.352 CET
Begin processing the 449th record. Run 1, Event 296512, LumiSection 22660 at 19-Nov-2013 10:54:00.353 CET
Begin processing the 450th record. Run 1, Event 296514, LumiSection 22660 at 19-Nov-2013 10:54:00.354 CET
Begin processing the 451st record. Run 1, Event 296515, LumiSection 22660 at 19-Nov-2013 10:54:00.356 CET
Begin processing the 452nd record. Run 1, Event 296516, LumiSection 22660 at 19-Nov-2013 10:54:00.357 CET
Begin processing the 453rd record. Run 1, Event 296520, LumiSection 22660 at 19-Nov-2013 10:54:00.358 CET
Begin processing the 454th record. Run 1, Event 296523, LumiSection 22660 at 19-Nov-2013 10:54:00.359 CET
Begin processing the 455th record. Run 1, Event 296525, LumiSection 22660 at 19-Nov-2013 10:54:00.360 CET
Begin processing the 456th record. Run 1, Event 296526, LumiSection 22660 at 19-Nov-2013 10:54:00.361 CET
Begin processing the 457th record. Run 1, Event 296532, LumiSection 22660 at 19-Nov-2013 10:54:00.364 CET
Begin processing the 458th record. Run 1, Event 296541, LumiSection 22660 at 19-Nov-2013 10:54:00.365 CET
Begin processing the 459th record. Run 1, Event 296543, LumiSection 22660 at 19-Nov-2013 10:54:00.366 CET
Begin processing the 460th record. Run 1, Event 296549, LumiSection 22660 at 19-Nov-2013 10:54:00.367 CET
Begin processing the 461st record. Run 1, Event 296550, LumiSection 22660 at 19-Nov-2013 10:54:00.369 CET
Begin processing the 462nd record. Run 1, Event 296553, LumiSection 22660 at 19-Nov-2013 10:54:00.369 CET
Begin processing the 463rd record. Run 1, Event 296555, LumiSection 22660 at 19-Nov-2013 10:54:00.371 CET
Begin processing the 464th record. Run 1, Event 296559, LumiSection 22660 at 19-Nov-2013 10:54:00.372 CET
Begin processing the 465th record. Run 1, Event 296560, LumiSection 22660 at 19-Nov-2013 10:54:00.373 CET
Begin processing the 466th record. Run 1, Event 296563, LumiSection 22660 at 19-Nov-2013 10:54:00.374 CET
Begin processing the 467th record. Run 1, Event 296564, LumiSection 22660 at 19-Nov-2013 10:54:00.376 CET
Begin processing the 468th record. Run 1, Event 296565, LumiSection 22660 at 19-Nov-2013 10:54:00.377 CET
Begin processing the 469th record. Run 1, Event 296574, LumiSection 22660 at 19-Nov-2013 10:54:00.378 CET
Begin processing the 470th record. Run 1, Event 296577, LumiSection 22660 at 19-Nov-2013 10:54:00.379 CET
Begin processing the 471st record. Run 1, Event 296580, LumiSection 22660 at 19-Nov-2013 10:54:00.382 CET
Begin processing the 472nd record. Run 1, Event 296583, LumiSection 22660 at 19-Nov-2013 10:54:00.383 CET
Begin processing the 473rd record. Run 1, Event 296585, LumiSection 22660 at 19-Nov-2013 10:54:00.385 CET
Begin processing the 474th record. Run 1, Event 296586, LumiSection 22660 at 19-Nov-2013 10:54:00.387 CET
Begin processing the 475th record. Run 1, Event 296587, LumiSection 22660 at 19-Nov-2013 10:54:00.388 CET
Begin processing the 476th record. Run 1, Event 296590, LumiSection 22660 at 19-Nov-2013 10:54:00.389 CET
Begin processing the 477th record. Run 1, Event 296594, LumiSection 22660 at 19-Nov-2013 10:54:00.390 CET
Begin processing the 478th record. Run 1, Event 296605, LumiSection 22660 at 19-Nov-2013 10:54:00.392 CET
Begin processing the 479th record. Run 1, Event 296606, LumiSection 22660 at 19-Nov-2013 10:54:00.393 CET
Begin processing the 480th record. Run 1, Event 296609, LumiSection 22660 at 19-Nov-2013 10:54:00.395 CET
Begin processing the 481st record. Run 1, Event 296611, LumiSection 22660 at 19-Nov-2013 10:54:00.396 CET
Begin processing the 482nd record. Run 1, Event 296623, LumiSection 22660 at 19-Nov-2013 10:54:00.397 CET
Begin processing the 483rd record. Run 1, Event 296624, LumiSection 22660 at 19-Nov-2013 10:54:00.398 CET
Begin processing the 484th record. Run 1, Event 296625, LumiSection 22660 at 19-Nov-2013 10:54:00.400 CET
Begin processing the 485th record. Run 1, Event 296629, LumiSection 22660 at 19-Nov-2013 10:54:00.402 CET
Begin processing the 486th record. Run 1, Event 296631, LumiSection 22660 at 19-Nov-2013 10:54:00.403 CET
Begin processing the 487th record. Run 1, Event 296636, LumiSection 22660 at 19-Nov-2013 10:54:00.405 CET
Begin processing the 488th record. Run 1, Event 296641, LumiSection 22660 at 19-Nov-2013 10:54:00.406 CET
Begin processing the 489th record. Run 1, Event 296643, LumiSection 22660 at 19-Nov-2013 10:54:00.407 CET
Begin processing the 490th record. Run 1, Event 296644, LumiSection 22660 at 19-Nov-2013 10:54:00.408 CET
Begin processing the 491st record. Run 1, Event 296645, LumiSection 22660 at 19-Nov-2013 10:54:00.409 CET
Begin processing the 492nd record. Run 1, Event 296648, LumiSection 22660 at 19-Nov-2013 10:54:00.411 CET
Begin processing the 493rd record. Run 1, Event 296650, LumiSection 22660 at 19-Nov-2013 10:54:00.412 CET
Begin processing the 494th record. Run 1, Event 296651, LumiSection 22660 at 19-Nov-2013 10:54:00.414 CET
Begin processing the 495th record. Run 1, Event 296655, LumiSection 22660 at 19-Nov-2013 10:54:00.415 CET
Begin processing the 496th record. Run 1, Event 296661, LumiSection 22660 at 19-Nov-2013 10:54:00.417 CET
Begin processing the 497th record. Run 1, Event 296662, LumiSection 22660 at 19-Nov-2013 10:54:00.418 CET
Begin processing the 498th record. Run 1, Event 296669, LumiSection 22660 at 19-Nov-2013 10:54:00.419 CET
Begin processing the 499th record. Run 1, Event 296672, LumiSection 22660 at 19-Nov-2013 10:54:00.421 CET
Begin processing the 500th record. Run 1, Event 296675, LumiSection 22660 at 19-Nov-2013 10:54:00.423 CET
Begin processing the 501st record. Run 1, Event 296676, LumiSection 22660 at 19-Nov-2013 10:54:00.424 CET
Begin processing the 502nd record. Run 1, Event 296683, LumiSection 22660 at 19-Nov-2013 10:54:00.425 CET
Begin processing the 503rd record. Run 1, Event 296690, LumiSection 22660 at 19-Nov-2013 10:54:00.426 CET
Begin processing the 504th record. Run 1, Event 395104, LumiSection 17988 at 19-Nov-2013 10:54:00.427 CET
Begin processing the 505th record. Run 1, Event 395106, LumiSection 17988 at 19-Nov-2013 10:54:00.431 CET
Begin processing the 506th record. Run 1, Event 395108, LumiSection 17988 at 19-Nov-2013 10:54:00.432 CET
Begin processing the 507th record. Run 1, Event 395116, LumiSection 17988 at 19-Nov-2013 10:54:00.434 CET
Begin processing the 508th record. Run 1, Event 395122, LumiSection 17988 at 19-Nov-2013 10:54:00.436 CET
Begin processing the 509th record. Run 1, Event 395127, LumiSection 17988 at 19-Nov-2013 10:54:00.437 CET
Begin processing the 510th record. Run 1, Event 395130, LumiSection 17988 at 19-Nov-2013 10:54:00.439 CET
Begin processing the 511th record. Run 1, Event 395133, LumiSection 17988 at 19-Nov-2013 10:54:00.441 CET
Begin processing the 512th record. Run 1, Event 395140, LumiSection 17988 at 19-Nov-2013 10:54:00.444 CET
Begin processing the 513th record. Run 1, Event 395143, LumiSection 17988 at 19-Nov-2013 10:54:00.445 CET
Begin processing the 514th record. Run 1, Event 395146, LumiSection 17988 at 19-Nov-2013 10:54:00.447 CET
Begin processing the 515th record. Run 1, Event 395153, LumiSection 17988 at 19-Nov-2013 10:54:00.448 CET
Begin processing the 516th record. Run 1, Event 395157, LumiSection 17988 at 19-Nov-2013 10:54:00.450 CET
Begin processing the 517th record. Run 1, Event 395163, LumiSection 17988 at 19-Nov-2013 10:54:00.452 CET
Begin processing the 518th record. Run 1, Event 395166, LumiSection 17988 at 19-Nov-2013 10:54:00.453 CET
Begin processing the 519th record. Run 1, Event 395168, LumiSection 17988 at 19-Nov-2013 10:54:00.455 CET
Begin processing the 520th record. Run 1, Event 395170, LumiSection 17988 at 19-Nov-2013 10:54:00.456 CET
Begin processing the 521st record. Run 1, Event 395181, LumiSection 17988 at 19-Nov-2013 10:54:00.457 CET
Begin processing the 522nd record. Run 1, Event 395182, LumiSection 17988 at 19-Nov-2013 10:54:00.459 CET
Begin processing the 523rd record. Run 1, Event 395184, LumiSection 17988 at 19-Nov-2013 10:54:00.460 CET
Begin processing the 524th record. Run 1, Event 395186, LumiSection 17988 at 19-Nov-2013 10:54:00.460 CET
Begin processing the 525th record. Run 1, Event 395192, LumiSection 17988 at 19-Nov-2013 10:54:00.462 CET
Begin processing the 526th record. Run 1, Event 395194, LumiSection 17988 at 19-Nov-2013 10:54:00.462 CET
Begin processing the 527th record. Run 1, Event 395197, LumiSection 17988 at 19-Nov-2013 10:54:00.463 CET
Begin processing the 528th record. Run 1, Event 395199, LumiSection 17988 at 19-Nov-2013 10:54:00.465 CET
Begin processing the 529th record. Run 1, Event 395205, LumiSection 17988 at 19-Nov-2013 10:54:00.467 CET
Begin processing the 530th record. Run 1, Event 395208, LumiSection 17988 at 19-Nov-2013 10:54:00.469 CET
Begin processing the 531st record. Run 1, Event 395213, LumiSection 17988 at 19-Nov-2013 10:54:00.470 CET
Begin processing the 532nd record. Run 1, Event 395220, LumiSection 17988 at 19-Nov-2013 10:54:00.471 CET
Begin processing the 533rd record. Run 1, Event 395222, LumiSection 17988 at 19-Nov-2013 10:54:00.472 CET
Begin processing the 534th record. Run 1, Event 395223, LumiSection 17988 at 19-Nov-2013 10:54:00.473 CET
Begin processing the 535th record. Run 1, Event 395233, LumiSection 17988 at 19-Nov-2013 10:54:00.475 CET
Begin processing the 536th record. Run 1, Event 395240, LumiSection 17988 at 19-Nov-2013 10:54:00.476 CET
Begin processing the 537th record. Run 1, Event 395241, LumiSection 17988 at 19-Nov-2013 10:54:00.477 CET
Begin processing the 538th record. Run 1, Event 395251, LumiSection 17988 at 19-Nov-2013 10:54:00.479 CET
Begin processing the 539th record. Run 1, Event 395252, LumiSection 17988 at 19-Nov-2013 10:54:00.480 CET
Begin processing the 540th record. Run 1, Event 395254, LumiSection 17988 at 19-Nov-2013 10:54:00.482 CET
Begin processing the 541st record. Run 1, Event 395266, LumiSection 17988 at 19-Nov-2013 10:54:00.484 CET
Begin processing the 542nd record. Run 1, Event 395269, LumiSection 17988 at 19-Nov-2013 10:54:00.485 CET
Begin processing the 543rd record. Run 1, Event 395270, LumiSection 17988 at 19-Nov-2013 10:54:00.487 CET
Begin processing the 544th record. Run 1, Event 395272, LumiSection 17988 at 19-Nov-2013 10:54:00.488 CET
Begin processing the 545th record. Run 1, Event 395275, LumiSection 17988 at 19-Nov-2013 10:54:00.489 CET
Begin processing the 546th record. Run 1, Event 395276, LumiSection 17988 at 19-Nov-2013 10:54:00.491 CET
Begin processing the 547th record. Run 1, Event 395288, LumiSection 17988 at 19-Nov-2013 10:54:00.493 CET
Begin processing the 548th record. Run 1, Event 395290, LumiSection 17988 at 19-Nov-2013 10:54:00.494 CET
%MSG-i Ghost_found_barrel:  MuonMatch:demo 19-Nov-2013 10:54:00 CET  Run: 1 Event: 395290
Found 1 Ghosts in barrel region with energy > 0 GeV in LumiBlock: 17988 Event No: 395290
%MSG
Begin processing the 549th record. Run 1, Event 395294, LumiSection 17988 at 19-Nov-2013 10:54:00.496 CET
Begin processing the 550th record. Run 1, Event 395298, LumiSection 17988 at 19-Nov-2013 10:54:00.498 CET
Begin processing the 551st record. Run 1, Event 395299, LumiSection 17988 at 19-Nov-2013 10:54:00.499 CET
Begin processing the 552nd record. Run 1, Event 395300, LumiSection 17988 at 19-Nov-2013 10:54:00.500 CET
Begin processing the 553rd record. Run 1, Event 395305, LumiSection 17988 at 19-Nov-2013 10:54:00.502 CET
Begin processing the 554th record. Run 1, Event 395308, LumiSection 17988 at 19-Nov-2013 10:54:00.503 CET
Begin processing the 555th record. Run 1, Event 395309, LumiSection 17988 at 19-Nov-2013 10:54:00.505 CET
Begin processing the 556th record. Run 1, Event 395311, LumiSection 17988 at 19-Nov-2013 10:54:00.506 CET
Begin processing the 557th record. Run 1, Event 395314, LumiSection 17988 at 19-Nov-2013 10:54:00.506 CET
Begin processing the 558th record. Run 1, Event 395318, LumiSection 17988 at 19-Nov-2013 10:54:00.508 CET
Begin processing the 559th record. Run 1, Event 395319, LumiSection 17988 at 19-Nov-2013 10:54:00.510 CET
Begin processing the 560th record. Run 1, Event 395323, LumiSection 17988 at 19-Nov-2013 10:54:00.511 CET
Begin processing the 561st record. Run 1, Event 395324, LumiSection 17988 at 19-Nov-2013 10:54:00.512 CET
Begin processing the 562nd record. Run 1, Event 395333, LumiSection 17988 at 19-Nov-2013 10:54:00.513 CET
Begin processing the 563rd record. Run 1, Event 395336, LumiSection 17988 at 19-Nov-2013 10:54:00.514 CET
Begin processing the 564th record. Run 1, Event 395346, LumiSection 17988 at 19-Nov-2013 10:54:00.515 CET
Begin processing the 565th record. Run 1, Event 395352, LumiSection 17988 at 19-Nov-2013 10:54:00.517 CET
Begin processing the 566th record. Run 1, Event 395353, LumiSection 17988 at 19-Nov-2013 10:54:00.518 CET
Begin processing the 567th record. Run 1, Event 395354, LumiSection 17988 at 19-Nov-2013 10:54:00.520 CET
Begin processing the 568th record. Run 1, Event 395360, LumiSection 17988 at 19-Nov-2013 10:54:00.521 CET
Begin processing the 569th record. Run 1, Event 395362, LumiSection 17988 at 19-Nov-2013 10:54:00.522 CET
Begin processing the 570th record. Run 1, Event 395365, LumiSection 17988 at 19-Nov-2013 10:54:00.524 CET
Begin processing the 571st record. Run 1, Event 395372, LumiSection 17988 at 19-Nov-2013 10:54:00.526 CET
Begin processing the 572nd record. Run 1, Event 395381, LumiSection 17988 at 19-Nov-2013 10:54:00.527 CET
Begin processing the 573rd record. Run 1, Event 395385, LumiSection 17988 at 19-Nov-2013 10:54:00.529 CET
Begin processing the 574th record. Run 1, Event 395388, LumiSection 17988 at 19-Nov-2013 10:54:00.530 CET
Begin processing the 575th record. Run 1, Event 395389, LumiSection 17988 at 19-Nov-2013 10:54:00.532 CET
Begin processing the 576th record. Run 1, Event 395397, LumiSection 17988 at 19-Nov-2013 10:54:00.533 CET
Begin processing the 577th record. Run 1, Event 395398, LumiSection 17988 at 19-Nov-2013 10:54:00.534 CET
Begin processing the 578th record. Run 1, Event 395400, LumiSection 17988 at 19-Nov-2013 10:54:00.535 CET
Begin processing the 579th record. Run 1, Event 193504, LumiSection 20650 at 19-Nov-2013 10:54:00.536 CET
Begin processing the 580th record. Run 1, Event 193515, LumiSection 20650 at 19-Nov-2013 10:54:00.543 CET
Begin processing the 581st record. Run 1, Event 193517, LumiSection 20650 at 19-Nov-2013 10:54:00.544 CET
Begin processing the 582nd record. Run 1, Event 193522, LumiSection 20650 at 19-Nov-2013 10:54:00.545 CET
Begin processing the 583rd record. Run 1, Event 193528, LumiSection 20650 at 19-Nov-2013 10:54:00.547 CET
Begin processing the 584th record. Run 1, Event 193530, LumiSection 20650 at 19-Nov-2013 10:54:00.547 CET
Begin processing the 585th record. Run 1, Event 193537, LumiSection 20650 at 19-Nov-2013 10:54:00.549 CET
Begin processing the 586th record. Run 1, Event 193544, LumiSection 20650 at 19-Nov-2013 10:54:00.551 CET
Begin processing the 587th record. Run 1, Event 193546, LumiSection 20650 at 19-Nov-2013 10:54:00.553 CET
Begin processing the 588th record. Run 1, Event 193554, LumiSection 20650 at 19-Nov-2013 10:54:00.554 CET
Begin processing the 589th record. Run 1, Event 193558, LumiSection 20650 at 19-Nov-2013 10:54:00.555 CET
Begin processing the 590th record. Run 1, Event 193560, LumiSection 20650 at 19-Nov-2013 10:54:00.556 CET
Begin processing the 591st record. Run 1, Event 193564, LumiSection 20650 at 19-Nov-2013 10:54:00.557 CET
Begin processing the 592nd record. Run 1, Event 193577, LumiSection 20650 at 19-Nov-2013 10:54:00.558 CET
Begin processing the 593rd record. Run 1, Event 193586, LumiSection 20650 at 19-Nov-2013 10:54:00.559 CET
Begin processing the 594th record. Run 1, Event 193594, LumiSection 20650 at 19-Nov-2013 10:54:00.562 CET
Begin processing the 595th record. Run 1, Event 193595, LumiSection 20650 at 19-Nov-2013 10:54:00.563 CET
Begin processing the 596th record. Run 1, Event 193598, LumiSection 20650 at 19-Nov-2013 10:54:00.564 CET
Begin processing the 597th record. Run 1, Event 193603, LumiSection 20650 at 19-Nov-2013 10:54:00.565 CET
%MSG-i Ghost_found_barrel:  MuonMatch:demo 19-Nov-2013 10:54:00 CET  Run: 1 Event: 193603
Found 1 Ghosts in barrel region with energy > 0 GeV in LumiBlock: 20650 Event No: 193603
%MSG
%MSG-i Ghost_found_barrel:  MuonMatch:demo 19-Nov-2013 10:54:00 CET  Run: 1 Event: 193603
Found 1 Ghosts in barrel region with energy > 5 GeV in LumiBlock: 20650 Event No: 193603
%MSG
%MSG-i Ghost_found_barrel:  MuonMatch:demo 19-Nov-2013 10:54:00 CET  Run: 1 Event: 193603
Found 1 Ghosts in barrel region with energy > 10 GeV in LumiBlock: 20650 Event No: 193603
%MSG
%MSG-i Ghost_found_barrel:  MuonMatch:demo 19-Nov-2013 10:54:00 CET  Run: 1 Event: 193603
Found 1 Ghosts in barrel region with energy > 15 GeV in LumiBlock: 20650 Event No: 193603
%MSG
Begin processing the 598th record. Run 1, Event 193605, LumiSection 20650 at 19-Nov-2013 10:54:00.566 CET
Begin processing the 599th record. Run 1, Event 193625, LumiSection 20650 at 19-Nov-2013 10:54:00.568 CET
Begin processing the 600th record. Run 1, Event 193627, LumiSection 20650 at 19-Nov-2013 10:54:00.569 CET
Begin processing the 601st record. Run 1, Event 193634, LumiSection 20650 at 19-Nov-2013 10:54:00.571 CET
Begin processing the 602nd record. Run 1, Event 193635, LumiSection 20650 at 19-Nov-2013 10:54:00.572 CET
Begin processing the 603rd record. Run 1, Event 193641, LumiSection 20650 at 19-Nov-2013 10:54:00.573 CET
Begin processing the 604th record. Run 1, Event 193644, LumiSection 20650 at 19-Nov-2013 10:54:00.575 CET
Begin processing the 605th record. Run 1, Event 193650, LumiSection 20650 at 19-Nov-2013 10:54:00.576 CET
Begin processing the 606th record. Run 1, Event 193667, LumiSection 20650 at 19-Nov-2013 10:54:00.578 CET
Begin processing the 607th record. Run 1, Event 193668, LumiSection 20650 at 19-Nov-2013 10:54:00.579 CET
Begin processing the 608th record. Run 1, Event 193671, LumiSection 20650 at 19-Nov-2013 10:54:00.582 CET
Begin processing the 609th record. Run 1, Event 193674, LumiSection 20650 at 19-Nov-2013 10:54:00.583 CET
Begin processing the 610th record. Run 1, Event 193683, LumiSection 20650 at 19-Nov-2013 10:54:00.584 CET
Begin processing the 611th record. Run 1, Event 193686, LumiSection 20650 at 19-Nov-2013 10:54:00.586 CET
Begin processing the 612th record. Run 1, Event 193690, LumiSection 20650 at 19-Nov-2013 10:54:00.587 CET
Begin processing the 613th record. Run 1, Event 193700, LumiSection 20650 at 19-Nov-2013 10:54:00.588 CET
Begin processing the 614th record. Run 1, Event 193706, LumiSection 20650 at 19-Nov-2013 10:54:00.589 CET
Begin processing the 615th record. Run 1, Event 193710, LumiSection 20650 at 19-Nov-2013 10:54:00.592 CET
Begin processing the 616th record. Run 1, Event 193715, LumiSection 20650 at 19-Nov-2013 10:54:00.593 CET
Begin processing the 617th record. Run 1, Event 193727, LumiSection 20650 at 19-Nov-2013 10:54:00.594 CET
Begin processing the 618th record. Run 1, Event 193730, LumiSection 20650 at 19-Nov-2013 10:54:00.596 CET
Begin processing the 619th record. Run 1, Event 193737, LumiSection 20650 at 19-Nov-2013 10:54:00.597 CET
Begin processing the 620th record. Run 1, Event 193766, LumiSection 20650 at 19-Nov-2013 10:54:00.598 CET
Begin processing the 621st record. Run 1, Event 193767, LumiSection 20650 at 19-Nov-2013 10:54:00.599 CET
Begin processing the 622nd record. Run 1, Event 193780, LumiSection 20650 at 19-Nov-2013 10:54:00.602 CET
Begin processing the 623rd record. Run 1, Event 193784, LumiSection 20650 at 19-Nov-2013 10:54:00.603 CET
Begin processing the 624th record. Run 1, Event 193789, LumiSection 20650 at 19-Nov-2013 10:54:00.604 CET
Begin processing the 625th record. Run 1, Event 193791, LumiSection 20650 at 19-Nov-2013 10:54:00.606 CET
Begin processing the 626th record. Run 1, Event 193793, LumiSection 20650 at 19-Nov-2013 10:54:00.607 CET
Begin processing the 627th record. Run 1, Event 193800, LumiSection 20650 at 19-Nov-2013 10:54:00.609 CET
Begin processing the 628th record. Run 1, Event 194402, LumiSection 20653 at 19-Nov-2013 10:54:00.611 CET
Begin processing the 629th record. Run 1, Event 194406, LumiSection 20653 at 19-Nov-2013 10:54:00.613 CET
Begin processing the 630th record. Run 1, Event 194409, LumiSection 20653 at 19-Nov-2013 10:54:00.614 CET
Begin processing the 631st record. Run 1, Event 194413, LumiSection 20653 at 19-Nov-2013 10:54:00.615 CET
Begin processing the 632nd record. Run 1, Event 194418, LumiSection 20653 at 19-Nov-2013 10:54:00.617 CET
Begin processing the 633rd record. Run 1, Event 194420, LumiSection 20653 at 19-Nov-2013 10:54:00.618 CET
Begin processing the 634th record. Run 1, Event 194422, LumiSection 20653 at 19-Nov-2013 10:54:00.618 CET
Begin processing the 635th record. Run 1, Event 194424, LumiSection 20653 at 19-Nov-2013 10:54:00.619 CET
Begin processing the 636th record. Run 1, Event 194425, LumiSection 20653 at 19-Nov-2013 10:54:00.622 CET
Begin processing the 637th record. Run 1, Event 194430, LumiSection 20653 at 19-Nov-2013 10:54:00.623 CET
Begin processing the 638th record. Run 1, Event 194435, LumiSection 20653 at 19-Nov-2013 10:54:00.625 CET
Begin processing the 639th record. Run 1, Event 194456, LumiSection 20653 at 19-Nov-2013 10:54:00.626 CET
Begin processing the 640th record. Run 1, Event 194459, LumiSection 20653 at 19-Nov-2013 10:54:00.627 CET
Begin processing the 641st record. Run 1, Event 194467, LumiSection 20653 at 19-Nov-2013 10:54:00.628 CET
Begin processing the 642nd record. Run 1, Event 194471, LumiSection 20653 at 19-Nov-2013 10:54:00.630 CET
Begin processing the 643rd record. Run 1, Event 194472, LumiSection 20653 at 19-Nov-2013 10:54:00.631 CET
Begin processing the 644th record. Run 1, Event 194479, LumiSection 20653 at 19-Nov-2013 10:54:00.633 CET
Begin processing the 645th record. Run 1, Event 194486, LumiSection 20653 at 19-Nov-2013 10:54:00.634 CET
Begin processing the 646th record. Run 1, Event 194499, LumiSection 20653 at 19-Nov-2013 10:54:00.636 CET
Begin processing the 647th record. Run 1, Event 194500, LumiSection 20653 at 19-Nov-2013 10:54:00.638 CET
Begin processing the 648th record. Run 1, Event 194502, LumiSection 20653 at 19-Nov-2013 10:54:00.639 CET
Begin processing the 649th record. Run 1, Event 194504, LumiSection 20653 at 19-Nov-2013 10:54:00.640 CET
Begin processing the 650th record. Run 1, Event 194506, LumiSection 20653 at 19-Nov-2013 10:54:02.206 CET
Begin processing the 651st record. Run 1, Event 194507, LumiSection 20653 at 19-Nov-2013 10:54:02.210 CET
Begin processing the 652nd record. Run 1, Event 194508, LumiSection 20653 at 19-Nov-2013 10:54:02.215 CET
Begin processing the 653rd record. Run 1, Event 194516, LumiSection 20653 at 19-Nov-2013 10:54:02.218 CET
Begin processing the 654th record. Run 1, Event 194524, LumiSection 20653 at 19-Nov-2013 10:54:02.220 CET
Begin processing the 655th record. Run 1, Event 194527, LumiSection 20653 at 19-Nov-2013 10:54:02.223 CET
Begin processing the 656th record. Run 1, Event 194530, LumiSection 20653 at 19-Nov-2013 10:54:02.226 CET
Begin processing the 657th record. Run 1, Event 194532, LumiSection 20653 at 19-Nov-2013 10:54:02.233 CET
Begin processing the 658th record. Run 1, Event 194537, LumiSection 20653 at 19-Nov-2013 10:54:02.237 CET
Begin processing the 659th record. Run 1, Event 194541, LumiSection 20653 at 19-Nov-2013 10:54:02.240 CET
Begin processing the 660th record. Run 1, Event 194542, LumiSection 20653 at 19-Nov-2013 10:54:02.241 CET
Begin processing the 661st record. Run 1, Event 194544, LumiSection 20653 at 19-Nov-2013 10:54:02.242 CET
Begin processing the 662nd record. Run 1, Event 194557, LumiSection 20653 at 19-Nov-2013 10:54:02.243 CET
Begin processing the 663rd record. Run 1, Event 194563, LumiSection 20653 at 19-Nov-2013 10:54:02.245 CET
Begin processing the 664th record. Run 1, Event 194567, LumiSection 20653 at 19-Nov-2013 10:54:02.248 CET
Begin processing the 665th record. Run 1, Event 194570, LumiSection 20653 at 19-Nov-2013 10:54:02.249 CET
Begin processing the 666th record. Run 1, Event 194578, LumiSection 20653 at 19-Nov-2013 10:54:02.250 CET
Begin processing the 667th record. Run 1, Event 194581, LumiSection 20653 at 19-Nov-2013 10:54:02.251 CET
Begin processing the 668th record. Run 1, Event 194584, LumiSection 20653 at 19-Nov-2013 10:54:02.252 CET
Begin processing the 669th record. Run 1, Event 194585, LumiSection 20653 at 19-Nov-2013 10:54:02.253 CET
Begin processing the 670th record. Run 1, Event 194587, LumiSection 20653 at 19-Nov-2013 10:54:02.255 CET
Begin processing the 671st record. Run 1, Event 194597, LumiSection 20653 at 19-Nov-2013 10:54:02.257 CET
Begin processing the 672nd record. Run 1, Event 194601, LumiSection 20653 at 19-Nov-2013 10:54:02.260 CET
Begin processing the 673rd record. Run 1, Event 194614, LumiSection 20653 at 19-Nov-2013 10:54:02.261 CET
Begin processing the 674th record. Run 1, Event 194617, LumiSection 20653 at 19-Nov-2013 10:54:02.262 CET
Begin processing the 675th record. Run 1, Event 194618, LumiSection 20653 at 19-Nov-2013 10:54:02.264 CET
Begin processing the 676th record. Run 1, Event 194623, LumiSection 20653 at 19-Nov-2013 10:54:02.265 CET
Begin processing the 677th record. Run 1, Event 194624, LumiSection 20653 at 19-Nov-2013 10:54:02.266 CET
Begin processing the 678th record. Run 1, Event 194630, LumiSection 20653 at 19-Nov-2013 10:54:02.268 CET
Begin processing the 679th record. Run 1, Event 194631, LumiSection 20653 at 19-Nov-2013 10:54:02.270 CET
Begin processing the 680th record. Run 1, Event 194636, LumiSection 20653 at 19-Nov-2013 10:54:02.271 CET
Begin processing the 681st record. Run 1, Event 194641, LumiSection 20653 at 19-Nov-2013 10:54:02.273 CET
Begin processing the 682nd record. Run 1, Event 194642, LumiSection 20653 at 19-Nov-2013 10:54:02.275 CET
Begin processing the 683rd record. Run 1, Event 194643, LumiSection 20653 at 19-Nov-2013 10:54:02.276 CET
Begin processing the 684th record. Run 1, Event 194650, LumiSection 20653 at 19-Nov-2013 10:54:02.277 CET
Begin processing the 685th record. Run 1, Event 194651, LumiSection 20653 at 19-Nov-2013 10:54:02.279 CET
Begin processing the 686th record. Run 1, Event 194655, LumiSection 20653 at 19-Nov-2013 10:54:02.281 CET
Begin processing the 687th record. Run 1, Event 194663, LumiSection 20653 at 19-Nov-2013 10:54:02.282 CET
Begin processing the 688th record. Run 1, Event 194668, LumiSection 20653 at 19-Nov-2013 10:54:02.284 CET
Begin processing the 689th record. Run 1, Event 194677, LumiSection 20653 at 19-Nov-2013 10:54:02.285 CET
Begin processing the 690th record. Run 1, Event 194678, LumiSection 20653 at 19-Nov-2013 10:54:02.287 CET
Begin processing the 691st record. Run 1, Event 194679, LumiSection 20653 at 19-Nov-2013 10:54:02.288 CET
Begin processing the 692nd record. Run 1, Event 194683, LumiSection 20653 at 19-Nov-2013 10:54:02.290 CET
Begin processing the 693rd record. Run 1, Event 194689, LumiSection 20653 at 19-Nov-2013 10:54:02.291 CET
Begin processing the 694th record. Run 1, Event 195003, LumiSection 20655 at 19-Nov-2013 10:54:02.292 CET
Begin processing the 695th record. Run 1, Event 195004, LumiSection 20655 at 19-Nov-2013 10:54:02.293 CET
Begin processing the 696th record. Run 1, Event 195005, LumiSection 20655 at 19-Nov-2013 10:54:02.294 CET
Begin processing the 697th record. Run 1, Event 195017, LumiSection 20655 at 19-Nov-2013 10:54:02.296 CET
Begin processing the 698th record. Run 1, Event 195018, LumiSection 20655 at 19-Nov-2013 10:54:02.298 CET
Begin processing the 699th record. Run 1, Event 195022, LumiSection 20655 at 19-Nov-2013 10:54:02.300 CET
Begin processing the 700th record. Run 1, Event 195024, LumiSection 20655 at 19-Nov-2013 10:54:02.301 CET
Begin processing the 701st record. Run 1, Event 195035, LumiSection 20655 at 19-Nov-2013 10:54:02.303 CET
Begin processing the 702nd record. Run 1, Event 195038, LumiSection 20655 at 19-Nov-2013 10:54:02.304 CET
Begin processing the 703rd record. Run 1, Event 195040, LumiSection 20655 at 19-Nov-2013 10:54:02.306 CET
Begin processing the 704th record. Run 1, Event 195045, LumiSection 20655 at 19-Nov-2013 10:54:02.307 CET
Begin processing the 705th record. Run 1, Event 195054, LumiSection 20655 at 19-Nov-2013 10:54:02.309 CET
Begin processing the 706th record. Run 1, Event 195055, LumiSection 20655 at 19-Nov-2013 10:54:02.311 CET
Begin processing the 707th record. Run 1, Event 195056, LumiSection 20655 at 19-Nov-2013 10:54:02.313 CET
Begin processing the 708th record. Run 1, Event 195057, LumiSection 20655 at 19-Nov-2013 10:54:02.314 CET
Begin processing the 709th record. Run 1, Event 195069, LumiSection 20655 at 19-Nov-2013 10:54:02.316 CET
Begin processing the 710th record. Run 1, Event 195071, LumiSection 20655 at 19-Nov-2013 10:54:02.316 CET
Begin processing the 711th record. Run 1, Event 195075, LumiSection 20655 at 19-Nov-2013 10:54:02.318 CET
Begin processing the 712th record. Run 1, Event 195079, LumiSection 20655 at 19-Nov-2013 10:54:02.320 CET
Begin processing the 713th record. Run 1, Event 195081, LumiSection 20655 at 19-Nov-2013 10:54:02.322 CET
Begin processing the 714th record. Run 1, Event 195085, LumiSection 20655 at 19-Nov-2013 10:54:02.324 CET
Begin processing the 715th record. Run 1, Event 195103, LumiSection 20655 at 19-Nov-2013 10:54:02.324 CET
Begin processing the 716th record. Run 1, Event 195104, LumiSection 20655 at 19-Nov-2013 10:54:02.325 CET
Begin processing the 717th record. Run 1, Event 195106, LumiSection 20655 at 19-Nov-2013 10:54:02.327 CET
Begin processing the 718th record. Run 1, Event 195128, LumiSection 20655 at 19-Nov-2013 10:54:02.328 CET
Begin processing the 719th record. Run 1, Event 195131, LumiSection 20655 at 19-Nov-2013 10:54:02.329 CET
Begin processing the 720th record. Run 1, Event 195132, LumiSection 20655 at 19-Nov-2013 10:54:02.330 CET
Begin processing the 721st record. Run 1, Event 195134, LumiSection 20655 at 19-Nov-2013 10:54:02.332 CET
Begin processing the 722nd record. Run 1, Event 195135, LumiSection 20655 at 19-Nov-2013 10:54:02.334 CET
Begin processing the 723rd record. Run 1, Event 195152, LumiSection 20655 at 19-Nov-2013 10:54:02.335 CET
Begin processing the 724th record. Run 1, Event 195161, LumiSection 20655 at 19-Nov-2013 10:54:02.336 CET
Begin processing the 725th record. Run 1, Event 195168, LumiSection 20655 at 19-Nov-2013 10:54:02.338 CET
Begin processing the 726th record. Run 1, Event 195169, LumiSection 20655 at 19-Nov-2013 10:54:02.339 CET
Begin processing the 727th record. Run 1, Event 195172, LumiSection 20655 at 19-Nov-2013 10:54:02.341 CET
Begin processing the 728th record. Run 1, Event 195173, LumiSection 20655 at 19-Nov-2013 10:54:02.343 CET
Begin processing the 729th record. Run 1, Event 195174, LumiSection 20655 at 19-Nov-2013 10:54:02.344 CET
Begin processing the 730th record. Run 1, Event 195181, LumiSection 20655 at 19-Nov-2013 10:54:02.346 CET
Begin processing the 731st record. Run 1, Event 195185, LumiSection 20655 at 19-Nov-2013 10:54:02.347 CET
Begin processing the 732nd record. Run 1, Event 195187, LumiSection 20655 at 19-Nov-2013 10:54:02.348 CET
Begin processing the 733rd record. Run 1, Event 195188, LumiSection 20655 at 19-Nov-2013 10:54:02.349 CET
Begin processing the 734th record. Run 1, Event 195199, LumiSection 20655 at 19-Nov-2013 10:54:02.351 CET
Begin processing the 735th record. Run 1, Event 195206, LumiSection 20655 at 19-Nov-2013 10:54:02.352 CET
Begin processing the 736th record. Run 1, Event 195213, LumiSection 20655 at 19-Nov-2013 10:54:02.353 CET
Begin processing the 737th record. Run 1, Event 195219, LumiSection 20655 at 19-Nov-2013 10:54:02.354 CET
Begin processing the 738th record. Run 1, Event 195221, LumiSection 20655 at 19-Nov-2013 10:54:02.355 CET
Begin processing the 739th record. Run 1, Event 195227, LumiSection 20655 at 19-Nov-2013 10:54:02.356 CET
Begin processing the 740th record. Run 1, Event 195231, LumiSection 20655 at 19-Nov-2013 10:54:02.358 CET
Begin processing the 741st record. Run 1, Event 195235, LumiSection 20655 at 19-Nov-2013 10:54:02.360 CET
Begin processing the 742nd record. Run 1, Event 195236, LumiSection 20655 at 19-Nov-2013 10:54:02.362 CET
Begin processing the 743rd record. Run 1, Event 195239, LumiSection 20655 at 19-Nov-2013 10:54:02.363 CET
Begin processing the 744th record. Run 1, Event 195245, LumiSection 20655 at 19-Nov-2013 10:54:02.365 CET
Begin processing the 745th record. Run 1, Event 195252, LumiSection 20655 at 19-Nov-2013 10:54:02.366 CET
Begin processing the 746th record. Run 1, Event 195255, LumiSection 20655 at 19-Nov-2013 10:54:02.367 CET
Begin processing the 747th record. Run 1, Event 195257, LumiSection 20655 at 19-Nov-2013 10:54:02.368 CET
Begin processing the 748th record. Run 1, Event 195259, LumiSection 20655 at 19-Nov-2013 10:54:02.370 CET
Begin processing the 749th record. Run 1, Event 195268, LumiSection 20655 at 19-Nov-2013 10:54:02.371 CET
Begin processing the 750th record. Run 1, Event 195276, LumiSection 20655 at 19-Nov-2013 10:54:02.372 CET
Begin processing the 751st record. Run 1, Event 195282, LumiSection 20655 at 19-Nov-2013 10:54:02.373 CET
Begin processing the 752nd record. Run 1, Event 195283, LumiSection 20655 at 19-Nov-2013 10:54:02.374 CET
Begin processing the 753rd record. Run 1, Event 195288, LumiSection 20655 at 19-Nov-2013 10:54:02.376 CET
Begin processing the 754th record. Run 1, Event 195289, LumiSection 20655 at 19-Nov-2013 10:54:02.378 CET
Begin processing the 755th record. Run 1, Event 195291, LumiSection 20655 at 19-Nov-2013 10:54:02.380 CET
Begin processing the 756th record. Run 1, Event 195298, LumiSection 20655 at 19-Nov-2013 10:54:02.381 CET
Begin processing the 757th record. Run 1, Event 198602, LumiSection 20667 at 19-Nov-2013 10:54:02.382 CET
Begin processing the 758th record. Run 1, Event 198605, LumiSection 20667 at 19-Nov-2013 10:54:02.383 CET
Begin processing the 759th record. Run 1, Event 198607, LumiSection 20667 at 19-Nov-2013 10:54:02.384 CET
Begin processing the 760th record. Run 1, Event 198613, LumiSection 20667 at 19-Nov-2013 10:54:02.385 CET
Begin processing the 761st record. Run 1, Event 198615, LumiSection 20667 at 19-Nov-2013 10:54:02.387 CET
Begin processing the 762nd record. Run 1, Event 198617, LumiSection 20667 at 19-Nov-2013 10:54:02.389 CET
Begin processing the 763rd record. Run 1, Event 198620, LumiSection 20667 at 19-Nov-2013 10:54:02.391 CET
Begin processing the 764th record. Run 1, Event 198623, LumiSection 20667 at 19-Nov-2013 10:54:02.393 CET
Begin processing the 765th record. Run 1, Event 198624, LumiSection 20667 at 19-Nov-2013 10:54:02.394 CET
Begin processing the 766th record. Run 1, Event 198625, LumiSection 20667 at 19-Nov-2013 10:54:02.395 CET
Begin processing the 767th record. Run 1, Event 198627, LumiSection 20667 at 19-Nov-2013 10:54:02.397 CET
Begin processing the 768th record. Run 1, Event 198630, LumiSection 20667 at 19-Nov-2013 10:54:02.398 CET
Begin processing the 769th record. Run 1, Event 198632, LumiSection 20667 at 19-Nov-2013 10:54:02.400 CET
Begin processing the 770th record. Run 1, Event 198635, LumiSection 20667 at 19-Nov-2013 10:54:02.401 CET
Begin processing the 771st record. Run 1, Event 198638, LumiSection 20667 at 19-Nov-2013 10:54:02.403 CET
Begin processing the 772nd record. Run 1, Event 198640, LumiSection 20667 at 19-Nov-2013 10:54:02.404 CET
Begin processing the 773rd record. Run 1, Event 198651, LumiSection 20667 at 19-Nov-2013 10:54:02.405 CET
Begin processing the 774th record. Run 1, Event 198657, LumiSection 20667 at 19-Nov-2013 10:54:02.406 CET
Begin processing the 775th record. Run 1, Event 198659, LumiSection 20667 at 19-Nov-2013 10:54:02.407 CET
Begin processing the 776th record. Run 1, Event 198662, LumiSection 20667 at 19-Nov-2013 10:54:02.410 CET
Begin processing the 777th record. Run 1, Event 198667, LumiSection 20667 at 19-Nov-2013 10:54:02.411 CET
Begin processing the 778th record. Run 1, Event 198673, LumiSection 20667 at 19-Nov-2013 10:54:02.412 CET
Begin processing the 779th record. Run 1, Event 198678, LumiSection 20667 at 19-Nov-2013 10:54:02.413 CET
Begin processing the 780th record. Run 1, Event 198679, LumiSection 20667 at 19-Nov-2013 10:54:02.415 CET
Begin processing the 781st record. Run 1, Event 198680, LumiSection 20667 at 19-Nov-2013 10:54:02.416 CET
Begin processing the 782nd record. Run 1, Event 198681, LumiSection 20667 at 19-Nov-2013 10:54:02.418 CET
Begin processing the 783rd record. Run 1, Event 198683, LumiSection 20667 at 19-Nov-2013 10:54:02.420 CET
Begin processing the 784th record. Run 1, Event 198684, LumiSection 20667 at 19-Nov-2013 10:54:02.421 CET
Begin processing the 785th record. Run 1, Event 198697, LumiSection 20667 at 19-Nov-2013 10:54:02.422 CET
Begin processing the 786th record. Run 1, Event 198699, LumiSection 20667 at 19-Nov-2013 10:54:02.424 CET
Begin processing the 787th record. Run 1, Event 198701, LumiSection 20667 at 19-Nov-2013 10:54:02.425 CET
Begin processing the 788th record. Run 1, Event 198706, LumiSection 20667 at 19-Nov-2013 10:54:02.426 CET
Begin processing the 789th record. Run 1, Event 198707, LumiSection 20667 at 19-Nov-2013 10:54:02.427 CET
Begin processing the 790th record. Run 1, Event 198716, LumiSection 20667 at 19-Nov-2013 10:54:02.430 CET
Begin processing the 791st record. Run 1, Event 198734, LumiSection 20667 at 19-Nov-2013 10:54:02.431 CET
Begin processing the 792nd record. Run 1, Event 198736, LumiSection 20667 at 19-Nov-2013 10:54:02.432 CET
Begin processing the 793rd record. Run 1, Event 198741, LumiSection 20667 at 19-Nov-2013 10:54:02.433 CET
Begin processing the 794th record. Run 1, Event 198744, LumiSection 20667 at 19-Nov-2013 10:54:02.434 CET
Begin processing the 795th record. Run 1, Event 198755, LumiSection 20667 at 19-Nov-2013 10:54:02.435 CET
Begin processing the 796th record. Run 1, Event 198756, LumiSection 20667 at 19-Nov-2013 10:54:02.437 CET
Begin processing the 797th record. Run 1, Event 198760, LumiSection 20667 at 19-Nov-2013 10:54:02.439 CET
Begin processing the 798th record. Run 1, Event 198761, LumiSection 20667 at 19-Nov-2013 10:54:02.441 CET
Begin processing the 799th record. Run 1, Event 198764, LumiSection 20667 at 19-Nov-2013 10:54:02.442 CET
Begin processing the 800th record. Run 1, Event 198765, LumiSection 20667 at 19-Nov-2013 10:54:02.444 CET
Begin processing the 801st record. Run 1, Event 198768, LumiSection 20667 at 19-Nov-2013 10:54:02.445 CET
Begin processing the 802nd record. Run 1, Event 198770, LumiSection 20667 at 19-Nov-2013 10:54:02.447 CET
Begin processing the 803rd record. Run 1, Event 198771, LumiSection 20667 at 19-Nov-2013 10:54:02.448 CET
Begin processing the 804th record. Run 1, Event 198775, LumiSection 20667 at 19-Nov-2013 10:54:02.450 CET
Begin processing the 805th record. Run 1, Event 198776, LumiSection 20667 at 19-Nov-2013 10:54:02.451 CET
Begin processing the 806th record. Run 1, Event 198780, LumiSection 20667 at 19-Nov-2013 10:54:02.452 CET
Begin processing the 807th record. Run 1, Event 198782, LumiSection 20667 at 19-Nov-2013 10:54:02.453 CET
Begin processing the 808th record. Run 1, Event 198788, LumiSection 20667 at 19-Nov-2013 10:54:02.454 CET
Begin processing the 809th record. Run 1, Event 198789, LumiSection 20667 at 19-Nov-2013 10:54:02.455 CET
Begin processing the 810th record. Run 1, Event 198795, LumiSection 20667 at 19-Nov-2013 10:54:02.458 CET
Begin processing the 811th record. Run 1, Event 198798, LumiSection 20667 at 19-Nov-2013 10:54:02.461 CET
Begin processing the 812th record. Run 1, Event 198802, LumiSection 20667 at 19-Nov-2013 10:54:02.462 CET
Begin processing the 813th record. Run 1, Event 198803, LumiSection 20667 at 19-Nov-2013 10:54:02.464 CET
Begin processing the 814th record. Run 1, Event 198807, LumiSection 20667 at 19-Nov-2013 10:54:02.465 CET
Begin processing the 815th record. Run 1, Event 198812, LumiSection 20667 at 19-Nov-2013 10:54:02.467 CET
%MSG-i Ghost_found_barrel:  MuonMatch:demo 19-Nov-2013 10:54:02 CET  Run: 1 Event: 198812
Found 1 Ghosts in barrel region with energy > 0 GeV in LumiBlock: 20667 Event No: 198812
%MSG
%MSG-i Ghost_found_barrel:  MuonMatch:demo 19-Nov-2013 10:54:02 CET  Run: 1 Event: 198812
Found 1 Ghosts in barrel region with energy > 5 GeV in LumiBlock: 20667 Event No: 198812
%MSG
Begin processing the 816th record. Run 1, Event 198819, LumiSection 20667 at 19-Nov-2013 10:54:02.469 CET
Begin processing the 817th record. Run 1, Event 198826, LumiSection 20667 at 19-Nov-2013 10:54:02.470 CET
Begin processing the 818th record. Run 1, Event 198832, LumiSection 20667 at 19-Nov-2013 10:54:02.473 CET
Begin processing the 819th record. Run 1, Event 198833, LumiSection 20667 at 19-Nov-2013 10:54:02.474 CET
Begin processing the 820th record. Run 1, Event 198835, LumiSection 20667 at 19-Nov-2013 10:54:02.476 CET
Begin processing the 821st record. Run 1, Event 198837, LumiSection 20667 at 19-Nov-2013 10:54:02.476 CET
Begin processing the 822nd record. Run 1, Event 198840, LumiSection 20667 at 19-Nov-2013 10:54:02.479 CET
Begin processing the 823rd record. Run 1, Event 198841, LumiSection 20667 at 19-Nov-2013 10:54:02.480 CET
Begin processing the 824th record. Run 1, Event 198849, LumiSection 20667 at 19-Nov-2013 10:54:02.481 CET
Begin processing the 825th record. Run 1, Event 198858, LumiSection 20667 at 19-Nov-2013 10:54:02.483 CET
Begin processing the 826th record. Run 1, Event 198859, LumiSection 20667 at 19-Nov-2013 10:54:02.485 CET
Begin processing the 827th record. Run 1, Event 198862, LumiSection 20667 at 19-Nov-2013 10:54:02.486 CET
Begin processing the 828th record. Run 1, Event 198863, LumiSection 20667 at 19-Nov-2013 10:54:02.487 CET
Begin processing the 829th record. Run 1, Event 198866, LumiSection 20667 at 19-Nov-2013 10:54:02.489 CET
Begin processing the 830th record. Run 1, Event 198870, LumiSection 20667 at 19-Nov-2013 10:54:02.490 CET
Begin processing the 831st record. Run 1, Event 198872, LumiSection 20667 at 19-Nov-2013 10:54:02.492 CET
Begin processing the 832nd record. Run 1, Event 198874, LumiSection 20667 at 19-Nov-2013 10:54:02.494 CET
Begin processing the 833rd record. Run 1, Event 198875, LumiSection 20667 at 19-Nov-2013 10:54:02.495 CET
Begin processing the 834th record. Run 1, Event 198883, LumiSection 20667 at 19-Nov-2013 10:54:02.496 CET
Begin processing the 835th record. Run 1, Event 198886, LumiSection 20667 at 19-Nov-2013 10:54:02.498 CET
Begin processing the 836th record. Run 1, Event 198887, LumiSection 20667 at 19-Nov-2013 10:54:02.500 CET
Begin processing the 837th record. Run 1, Event 198888, LumiSection 20667 at 19-Nov-2013 10:54:02.501 CET
Begin processing the 838th record. Run 1, Event 198889, LumiSection 20667 at 19-Nov-2013 10:54:02.502 CET
Begin processing the 839th record. Run 1, Event 198892, LumiSection 20667 at 19-Nov-2013 10:54:02.503 CET
Begin processing the 840th record. Run 1, Event 198894, LumiSection 20667 at 19-Nov-2013 10:54:02.504 CET
Begin processing the 841st record. Run 1, Event 207911, LumiSection 20698 at 19-Nov-2013 10:54:02.506 CET
Begin processing the 842nd record. Run 1, Event 207917, LumiSection 20698 at 19-Nov-2013 10:54:02.512 CET
Begin processing the 843rd record. Run 1, Event 207919, LumiSection 20698 at 19-Nov-2013 10:54:02.513 CET
Begin processing the 844th record. Run 1, Event 207921, LumiSection 20698 at 19-Nov-2013 10:54:02.515 CET
Begin processing the 845th record. Run 1, Event 207931, LumiSection 20698 at 19-Nov-2013 10:54:02.516 CET
Begin processing the 846th record. Run 1, Event 207936, LumiSection 20698 at 19-Nov-2013 10:54:02.517 CET
Begin processing the 847th record. Run 1, Event 207937, LumiSection 20698 at 19-Nov-2013 10:54:02.518 CET
Begin processing the 848th record. Run 1, Event 207945, LumiSection 20698 at 19-Nov-2013 10:54:02.520 CET
Begin processing the 849th record. Run 1, Event 207946, LumiSection 20698 at 19-Nov-2013 10:54:02.523 CET
Begin processing the 850th record. Run 1, Event 207954, LumiSection 20698 at 19-Nov-2013 10:54:02.524 CET
Begin processing the 851st record. Run 1, Event 207960, LumiSection 20698 at 19-Nov-2013 10:54:02.525 CET
Begin processing the 852nd record. Run 1, Event 207977, LumiSection 20698 at 19-Nov-2013 10:54:02.527 CET
Begin processing the 853rd record. Run 1, Event 207985, LumiSection 20698 at 19-Nov-2013 10:54:02.529 CET
Begin processing the 854th record. Run 1, Event 207987, LumiSection 20698 at 19-Nov-2013 10:54:02.531 CET
Begin processing the 855th record. Run 1, Event 208006, LumiSection 20698 at 19-Nov-2013 10:54:02.532 CET
Begin processing the 856th record. Run 1, Event 208016, LumiSection 20698 at 19-Nov-2013 10:54:02.535 CET
Begin processing the 857th record. Run 1, Event 208018, LumiSection 20698 at 19-Nov-2013 10:54:02.537 CET
Begin processing the 858th record. Run 1, Event 208020, LumiSection 20698 at 19-Nov-2013 10:54:02.538 CET
Begin processing the 859th record. Run 1, Event 208026, LumiSection 20698 at 19-Nov-2013 10:54:02.540 CET
Begin processing the 860th record. Run 1, Event 208032, LumiSection 20698 at 19-Nov-2013 10:54:02.541 CET
Begin processing the 861st record. Run 1, Event 208040, LumiSection 20698 at 19-Nov-2013 10:54:02.543 CET
Begin processing the 862nd record. Run 1, Event 208042, LumiSection 20698 at 19-Nov-2013 10:54:02.544 CET
Begin processing the 863rd record. Run 1, Event 208045, LumiSection 20698 at 19-Nov-2013 10:54:02.546 CET
Begin processing the 864th record. Run 1, Event 208048, LumiSection 20698 at 19-Nov-2013 10:54:02.547 CET
Begin processing the 865th record. Run 1, Event 208052, LumiSection 20698 at 19-Nov-2013 10:54:02.548 CET
Begin processing the 866th record. Run 1, Event 208055, LumiSection 20698 at 19-Nov-2013 10:54:02.549 CET
Begin processing the 867th record. Run 1, Event 208058, LumiSection 20698 at 19-Nov-2013 10:54:02.550 CET
Begin processing the 868th record. Run 1, Event 208063, LumiSection 20698 at 19-Nov-2013 10:54:02.552 CET
Begin processing the 869th record. Run 1, Event 208066, LumiSection 20698 at 19-Nov-2013 10:54:02.553 CET
%MSG-i XrdFileInfo:  file_close 19-Nov-2013 10:54:02 CET PostEndRun
Closed root://xrootd.ba.infn.it//store/mc/Summer12_DR53X/ZZTo4mu_8TeV_mll8_mZZ95-160-powheg15-pythia6/AODSIM/PU_S10_START53_V19-v1/10000/0017F55A-EDF8-E211-B97E-003048C692DE.root
%MSG
19-Nov-2013 10:54:02 CET  Closed file root://xrootd.ba.infn.it//store/mc/Summer12_DR53X/ZZTo4mu_8TeV_mll8_mZZ95-160-powheg15-pythia6/AODSIM/PU_S10_START53_V19-v1/10000/0017F55A-EDF8-E211-B97E-003048C692DE.root
